2025-05-05 13:12:37 [main] INFO  r.n.scootrent.ScootRentApplication - Starting ScootRentApplication using Java 21.0.4 with PID 5860 (C:\Users\nazar\java-project\scoot-rent\target\classes started by nazar in C:\Users\nazar\java-project\scoot-rent)
2025-05-05 13:12:37 [main] DEBUG r.n.scootrent.ScootRentApplication - Running with Spring Boot v3.4.4, Spring v6.2.5
2025-05-05 13:12:37 [main] INFO  r.n.scootrent.ScootRentApplication - No active profile set, falling back to 1 default profile: "default"
2025-05-05 13:12:40 [main] INFO  o.s.b.w.e.tomcat.TomcatWebServer - Tomcat initialized with port 8080 (http)
2025-05-05 13:12:40 [main] INFO  o.a.catalina.core.StandardService - Starting service [Tomcat]
2025-05-05 13:12:40 [main] INFO  o.a.catalina.core.StandardEngine - Starting Servlet engine: [Apache Tomcat/10.1.39]
2025-05-05 13:12:40 [main] INFO  o.a.c.c.C.[Tomcat].[localhost].[/] - Initializing Spring embedded WebApplicationContext
2025-05-05 13:12:40 [main] INFO  o.s.b.w.s.c.ServletWebServerApplicationContext - Root WebApplicationContext: initialization completed in 2819 ms
2025-05-05 13:12:41 [main] INFO  com.zaxxer.hikari.HikariDataSource - HikariPool-1 - Starting...
2025-05-05 13:12:41 [main] INFO  com.zaxxer.hikari.pool.HikariPool - HikariPool-1 - Added connection org.postgresql.jdbc.PgConnection@147e0734
2025-05-05 13:12:41 [main] INFO  com.zaxxer.hikari.HikariDataSource - HikariPool-1 - Start completed.
2025-05-05 13:12:41 [main] INFO  org.flywaydb.core.FlywayExecutor - Database: jdbc:postgresql://localhost:5432/scoot_rent_db_docker_test (PostgreSQL 16.8)
2025-05-05 13:12:41 [main] WARN  o.s.b.w.s.c.AnnotationConfigServletWebServerApplicationContext - Exception encountered during context initialization - cancelling refresh attempt: org.springframework.beans.factory.BeanCreationException: Error creating bean with name 'entityManagerFactory' defined in class path resource [ru/noleg/scootrent/configuration/JpaConfiguration.class]: Failed to initialize dependency 'flywayInitializer' of LoadTimeWeaverAware bean 'entityManagerFactory': Error creating bean with name 'flywayInitializer' defined in class path resource [org/springframework/boot/autoconfigure/flyway/FlywayAutoConfiguration$FlywayConfiguration.class]: Validate failed: Migrations have failed validation
Migration checksum mismatch for migration version 1.1
-> Applied to database : -1983369547
-> Resolved locally    : -14842582
Either revert the changes to the migration, or run repair to update the schema history.
Need more flexibility with validation rules? Learn more: https://rd.gt/3AbJUZE
2025-05-05 13:12:41 [main] INFO  com.zaxxer.hikari.HikariDataSource - HikariPool-1 - Shutdown initiated...
2025-05-05 13:12:41 [main] INFO  com.zaxxer.hikari.HikariDataSource - HikariPool-1 - Shutdown completed.
2025-05-05 13:12:41 [main] INFO  o.a.catalina.core.StandardService - Stopping service [Tomcat]
2025-05-05 13:12:41 [main] INFO  o.s.b.a.l.ConditionEvaluationReportLogger - 

Error starting ApplicationContext. To display the condition evaluation report re-run your application with 'debug' enabled.
2025-05-05 13:12:41 [main] ERROR o.s.boot.SpringApplication - Application run failed
org.springframework.beans.factory.BeanCreationException: Error creating bean with name 'entityManagerFactory' defined in class path resource [ru/noleg/scootrent/configuration/JpaConfiguration.class]: Failed to initialize dependency 'flywayInitializer' of LoadTimeWeaverAware bean 'entityManagerFactory': Error creating bean with name 'flywayInitializer' defined in class path resource [org/springframework/boot/autoconfigure/flyway/FlywayAutoConfiguration$FlywayConfiguration.class]: Validate failed: Migrations have failed validation
Migration checksum mismatch for migration version 1.1
-> Applied to database : -1983369547
-> Resolved locally    : -14842582
Either revert the changes to the migration, or run repair to update the schema history.
Need more flexibility with validation rules? Learn more: https://rd.gt/3AbJUZE
	at org.springframework.beans.factory.support.AbstractBeanFactory.doGetBean(AbstractBeanFactory.java:328)
	at org.springframework.beans.factory.support.AbstractBeanFactory.getBean(AbstractBeanFactory.java:207)
	at org.springframework.context.support.AbstractApplicationContext.finishBeanFactoryInitialization(AbstractApplicationContext.java:970)
	at org.springframework.context.support.AbstractApplicationContext.refresh(AbstractApplicationContext.java:627)
	at org.springframework.boot.web.servlet.context.ServletWebServerApplicationContext.refresh(ServletWebServerApplicationContext.java:146)
	at org.springframework.boot.SpringApplication.refresh(SpringApplication.java:752)
	at org.springframework.boot.SpringApplication.refreshContext(SpringApplication.java:439)
	at org.springframework.boot.SpringApplication.run(SpringApplication.java:318)
	at org.springframework.boot.SpringApplication.run(SpringApplication.java:1361)
	at org.springframework.boot.SpringApplication.run(SpringApplication.java:1350)
	at ru.noleg.scootrent.ScootRentApplication.main(ScootRentApplication.java:10)
Caused by: org.springframework.beans.factory.BeanCreationException: Error creating bean with name 'flywayInitializer' defined in class path resource [org/springframework/boot/autoconfigure/flyway/FlywayAutoConfiguration$FlywayConfiguration.class]: Validate failed: Migrations have failed validation
Migration checksum mismatch for migration version 1.1
-> Applied to database : -1983369547
-> Resolved locally    : -14842582
Either revert the changes to the migration, or run repair to update the schema history.
Need more flexibility with validation rules? Learn more: https://rd.gt/3AbJUZE
	at org.springframework.beans.factory.support.AbstractAutowireCapableBeanFactory.initializeBean(AbstractAutowireCapableBeanFactory.java:1812)
	at org.springframework.beans.factory.support.AbstractAutowireCapableBeanFactory.doCreateBean(AbstractAutowireCapableBeanFactory.java:601)
	at org.springframework.beans.factory.support.AbstractAutowireCapableBeanFactory.createBean(AbstractAutowireCapableBeanFactory.java:523)
	at org.springframework.beans.factory.support.AbstractBeanFactory.lambda$doGetBean$0(AbstractBeanFactory.java:339)
	at org.springframework.beans.factory.support.DefaultSingletonBeanRegistry.getSingleton(DefaultSingletonBeanRegistry.java:347)
	at org.springframework.beans.factory.support.AbstractBeanFactory.doGetBean(AbstractBeanFactory.java:337)
	at org.springframework.beans.factory.support.AbstractBeanFactory.getBean(AbstractBeanFactory.java:202)
	at org.springframework.beans.factory.support.AbstractBeanFactory.doGetBean(AbstractBeanFactory.java:315)
	... 10 common frames omitted
Caused by: org.flywaydb.core.api.exception.FlywayValidateException: Validate failed: Migrations have failed validation
Migration checksum mismatch for migration version 1.1
-> Applied to database : -1983369547
-> Resolved locally    : -14842582
Either revert the changes to the migration, or run repair to update the schema history.
Need more flexibility with validation rules? Learn more: https://rd.gt/3AbJUZE
	at org.flywaydb.core.Flyway.lambda$migrate$1(Flyway.java:189)
	at org.flywaydb.core.FlywayExecutor.execute(FlywayExecutor.java:213)
	at org.flywaydb.core.Flyway.migrate(Flyway.java:176)
	at org.springframework.boot.autoconfigure.flyway.FlywayMigrationInitializer.afterPropertiesSet(FlywayMigrationInitializer.java:66)
	at org.springframework.beans.factory.support.AbstractAutowireCapableBeanFactory.invokeInitMethods(AbstractAutowireCapableBeanFactory.java:1859)
	at org.springframework.beans.factory.support.AbstractAutowireCapableBeanFactory.initializeBean(AbstractAutowireCapableBeanFactory.java:1808)
	... 17 common frames omitted
2025-05-05 13:13:39 [main] INFO  r.n.scootrent.ScootRentApplication - Starting ScootRentApplication using Java 21.0.4 with PID 28400 (C:\Users\nazar\java-project\scoot-rent\target\classes started by nazar in C:\Users\nazar\java-project\scoot-rent)
2025-05-05 13:13:39 [main] DEBUG r.n.scootrent.ScootRentApplication - Running with Spring Boot v3.4.4, Spring v6.2.5
2025-05-05 13:13:39 [main] INFO  r.n.scootrent.ScootRentApplication - No active profile set, falling back to 1 default profile: "default"
2025-05-05 13:13:42 [main] INFO  o.s.b.w.e.tomcat.TomcatWebServer - Tomcat initialized with port 8080 (http)
2025-05-05 13:13:42 [main] INFO  o.a.catalina.core.StandardService - Starting service [Tomcat]
2025-05-05 13:13:42 [main] INFO  o.a.catalina.core.StandardEngine - Starting Servlet engine: [Apache Tomcat/10.1.39]
2025-05-05 13:13:42 [main] INFO  o.a.c.c.C.[Tomcat].[localhost].[/] - Initializing Spring embedded WebApplicationContext
2025-05-05 13:13:42 [main] INFO  o.s.b.w.s.c.ServletWebServerApplicationContext - Root WebApplicationContext: initialization completed in 2492 ms
2025-05-05 13:13:42 [main] INFO  com.zaxxer.hikari.HikariDataSource - HikariPool-1 - Starting...
2025-05-05 13:13:42 [main] INFO  com.zaxxer.hikari.pool.HikariPool - HikariPool-1 - Added connection org.postgresql.jdbc.PgConnection@d6b532f
2025-05-05 13:13:42 [main] INFO  com.zaxxer.hikari.HikariDataSource - HikariPool-1 - Start completed.
2025-05-05 13:13:42 [main] INFO  org.flywaydb.core.FlywayExecutor - Database: jdbc:postgresql://localhost:5432/scoot_rent_db_docker_test (PostgreSQL 16.8)
2025-05-05 13:13:43 [main] INFO  o.f.c.i.s.JdbcTableSchemaHistory - Schema history table "public"."flyway_schema_history" does not exist yet
2025-05-05 13:13:43 [main] INFO  o.f.core.internal.command.DbValidate - Successfully validated 8 migrations (execution time 00:00.054s)
2025-05-05 13:13:43 [main] INFO  o.f.c.i.s.JdbcTableSchemaHistory - Creating Schema History table "public"."flyway_schema_history" ...
2025-05-05 13:13:43 [main] INFO  o.f.core.internal.command.DbMigrate - Current version of schema "public": << Empty Schema >>
2025-05-05 13:13:43 [main] INFO  o.f.core.internal.command.DbMigrate - Migrating schema "public" to version "1.1 - init schema"
2025-05-05 13:13:43 [main] INFO  o.f.core.internal.command.DbMigrate - Migrating schema "public" to version "2.1 - insert scooterModels"
2025-05-05 13:13:43 [main] INFO  o.f.core.internal.command.DbMigrate - Migrating schema "public" to version "2.2 - insert rentalPoint"
2025-05-05 13:13:43 [main] ERROR o.f.core.internal.command.DbMigrate - Migration of schema "public" to version "2.2 - insert rentalPoint" failed! Changes successfully rolled back.
2025-05-05 13:13:43 [main] WARN  o.s.b.w.s.c.AnnotationConfigServletWebServerApplicationContext - Exception encountered during context initialization - cancelling refresh attempt: org.springframework.beans.factory.BeanCreationException: Error creating bean with name 'entityManagerFactory' defined in class path resource [ru/noleg/scootrent/configuration/JpaConfiguration.class]: Failed to initialize dependency 'flywayInitializer' of LoadTimeWeaverAware bean 'entityManagerFactory': Error creating bean with name 'flywayInitializer' defined in class path resource [org/springframework/boot/autoconfigure/flyway/FlywayAutoConfiguration$FlywayConfiguration.class]: Script V2_2__insert_rentalPoint.sql failed
------------------------------------------
SQL State  : 42703
Error Code : 0
Message    : ERROR: column "c_parent" of relation "t_rental_point" does not exist
  Позиция: 73
Location   : db/migration/V2_2__insert_rentalPoint.sql (C:\Users\nazar\java-project\scoot-rent\target\classes\db\migration\V2_2__insert_rentalPoint.sql)
Line       : 1
Statement  : Run Flyway with -X option to see the actual statement causing the problem

2025-05-05 13:13:43 [main] INFO  com.zaxxer.hikari.HikariDataSource - HikariPool-1 - Shutdown initiated...
2025-05-05 13:13:43 [main] INFO  com.zaxxer.hikari.HikariDataSource - HikariPool-1 - Shutdown completed.
2025-05-05 13:13:43 [main] INFO  o.a.catalina.core.StandardService - Stopping service [Tomcat]
2025-05-05 13:13:43 [main] INFO  o.s.b.a.l.ConditionEvaluationReportLogger - 

Error starting ApplicationContext. To display the condition evaluation report re-run your application with 'debug' enabled.
2025-05-05 13:13:43 [main] ERROR o.s.boot.SpringApplication - Application run failed
org.springframework.beans.factory.BeanCreationException: Error creating bean with name 'entityManagerFactory' defined in class path resource [ru/noleg/scootrent/configuration/JpaConfiguration.class]: Failed to initialize dependency 'flywayInitializer' of LoadTimeWeaverAware bean 'entityManagerFactory': Error creating bean with name 'flywayInitializer' defined in class path resource [org/springframework/boot/autoconfigure/flyway/FlywayAutoConfiguration$FlywayConfiguration.class]: Script V2_2__insert_rentalPoint.sql failed
------------------------------------------
SQL State  : 42703
Error Code : 0
Message    : ERROR: column "c_parent" of relation "t_rental_point" does not exist
  Позиция: 73
Location   : db/migration/V2_2__insert_rentalPoint.sql (C:\Users\nazar\java-project\scoot-rent\target\classes\db\migration\V2_2__insert_rentalPoint.sql)
Line       : 1
Statement  : Run Flyway with -X option to see the actual statement causing the problem

	at org.springframework.beans.factory.support.AbstractBeanFactory.doGetBean(AbstractBeanFactory.java:328)
	at org.springframework.beans.factory.support.AbstractBeanFactory.getBean(AbstractBeanFactory.java:207)
	at org.springframework.context.support.AbstractApplicationContext.finishBeanFactoryInitialization(AbstractApplicationContext.java:970)
	at org.springframework.context.support.AbstractApplicationContext.refresh(AbstractApplicationContext.java:627)
	at org.springframework.boot.web.servlet.context.ServletWebServerApplicationContext.refresh(ServletWebServerApplicationContext.java:146)
	at org.springframework.boot.SpringApplication.refresh(SpringApplication.java:752)
	at org.springframework.boot.SpringApplication.refreshContext(SpringApplication.java:439)
	at org.springframework.boot.SpringApplication.run(SpringApplication.java:318)
	at org.springframework.boot.SpringApplication.run(SpringApplication.java:1361)
	at org.springframework.boot.SpringApplication.run(SpringApplication.java:1350)
	at ru.noleg.scootrent.ScootRentApplication.main(ScootRentApplication.java:10)
Caused by: org.springframework.beans.factory.BeanCreationException: Error creating bean with name 'flywayInitializer' defined in class path resource [org/springframework/boot/autoconfigure/flyway/FlywayAutoConfiguration$FlywayConfiguration.class]: Script V2_2__insert_rentalPoint.sql failed
------------------------------------------
SQL State  : 42703
Error Code : 0
Message    : ERROR: column "c_parent" of relation "t_rental_point" does not exist
  Позиция: 73
Location   : db/migration/V2_2__insert_rentalPoint.sql (C:\Users\nazar\java-project\scoot-rent\target\classes\db\migration\V2_2__insert_rentalPoint.sql)
Line       : 1
Statement  : Run Flyway with -X option to see the actual statement causing the problem

	at org.springframework.beans.factory.support.AbstractAutowireCapableBeanFactory.initializeBean(AbstractAutowireCapableBeanFactory.java:1812)
	at org.springframework.beans.factory.support.AbstractAutowireCapableBeanFactory.doCreateBean(AbstractAutowireCapableBeanFactory.java:601)
	at org.springframework.beans.factory.support.AbstractAutowireCapableBeanFactory.createBean(AbstractAutowireCapableBeanFactory.java:523)
	at org.springframework.beans.factory.support.AbstractBeanFactory.lambda$doGetBean$0(AbstractBeanFactory.java:339)
	at org.springframework.beans.factory.support.DefaultSingletonBeanRegistry.getSingleton(DefaultSingletonBeanRegistry.java:347)
	at org.springframework.beans.factory.support.AbstractBeanFactory.doGetBean(AbstractBeanFactory.java:337)
	at org.springframework.beans.factory.support.AbstractBeanFactory.getBean(AbstractBeanFactory.java:202)
	at org.springframework.beans.factory.support.AbstractBeanFactory.doGetBean(AbstractBeanFactory.java:315)
	... 10 common frames omitted
Caused by: org.flywaydb.core.internal.exception.FlywayMigrateException: Script V2_2__insert_rentalPoint.sql failed
------------------------------------------
SQL State  : 42703
Error Code : 0
Message    : ERROR: column "c_parent" of relation "t_rental_point" does not exist
  Позиция: 73
Location   : db/migration/V2_2__insert_rentalPoint.sql (C:\Users\nazar\java-project\scoot-rent\target\classes\db\migration\V2_2__insert_rentalPoint.sql)
Line       : 1
Statement  : Run Flyway with -X option to see the actual statement causing the problem

	at org.flywaydb.core.internal.command.DbMigrate.doMigrateGroup(DbMigrate.java:399)
	at org.flywaydb.core.internal.command.DbMigrate.lambda$applyMigrations$1(DbMigrate.java:283)
	at org.flywaydb.core.internal.jdbc.TransactionalExecutionTemplate.execute(TransactionalExecutionTemplate.java:59)
	at org.flywaydb.core.internal.command.DbMigrate.applyMigrations(DbMigrate.java:282)
	at org.flywaydb.core.internal.command.DbMigrate.migrateGroup(DbMigrate.java:255)
	at org.flywaydb.core.internal.command.DbMigrate.lambda$migrateAll$0(DbMigrate.java:153)
	at org.flywaydb.database.postgresql.PostgreSQLAdvisoryLockTemplate.execute(PostgreSQLAdvisoryLockTemplate.java:77)
	at org.flywaydb.database.postgresql.PostgreSQLAdvisoryLockTemplate.lambda$execute$0(PostgreSQLAdvisoryLockTemplate.java:60)
	at org.flywaydb.core.internal.jdbc.TransactionalExecutionTemplate.execute(TransactionalExecutionTemplate.java:59)
	at org.flywaydb.database.postgresql.PostgreSQLAdvisoryLockTemplate.execute(PostgreSQLAdvisoryLockTemplate.java:60)
	at org.flywaydb.database.postgresql.PostgreSQLConnection.lock(PostgreSQLConnection.java:105)
	at org.flywaydb.core.internal.schemahistory.JdbcTableSchemaHistory.lock(JdbcTableSchemaHistory.java:149)
	at org.flywaydb.core.internal.command.DbMigrate.migrateAll(DbMigrate.java:153)
	at org.flywaydb.core.internal.command.DbMigrate.migrate(DbMigrate.java:104)
	at org.flywaydb.core.Flyway.lambda$migrate$1(Flyway.java:230)
	at org.flywaydb.core.FlywayExecutor.execute(FlywayExecutor.java:213)
	at org.flywaydb.core.Flyway.migrate(Flyway.java:176)
	at org.springframework.boot.autoconfigure.flyway.FlywayMigrationInitializer.afterPropertiesSet(FlywayMigrationInitializer.java:66)
	at org.springframework.beans.factory.support.AbstractAutowireCapableBeanFactory.invokeInitMethods(AbstractAutowireCapableBeanFactory.java:1859)
	at org.springframework.beans.factory.support.AbstractAutowireCapableBeanFactory.initializeBean(AbstractAutowireCapableBeanFactory.java:1808)
	... 17 common frames omitted
Caused by: org.flywaydb.core.internal.sqlscript.FlywaySqlScriptException: Script V2_2__insert_rentalPoint.sql failed
------------------------------------------
SQL State  : 42703
Error Code : 0
Message    : ERROR: column "c_parent" of relation "t_rental_point" does not exist
  Позиция: 73
Location   : db/migration/V2_2__insert_rentalPoint.sql (C:\Users\nazar\java-project\scoot-rent\target\classes\db\migration\V2_2__insert_rentalPoint.sql)
Line       : 1
Statement  : Run Flyway with -X option to see the actual statement causing the problem

	at org.flywaydb.core.internal.sqlscript.DefaultSqlScriptExecutor.handleException(DefaultSqlScriptExecutor.java:256)
	at org.flywaydb.core.internal.sqlscript.DefaultSqlScriptExecutor.executeStatement(DefaultSqlScriptExecutor.java:217)
	at org.flywaydb.core.internal.sqlscript.DefaultSqlScriptExecutor.execute(DefaultSqlScriptExecutor.java:137)
	at org.flywaydb.core.internal.resolver.sql.SqlMigrationExecutor.executeOnce(SqlMigrationExecutor.java:75)
	at org.flywaydb.core.internal.resolver.sql.SqlMigrationExecutor.lambda$execute$0(SqlMigrationExecutor.java:66)
	at org.flywaydb.core.internal.database.DefaultExecutionStrategy.execute(DefaultExecutionStrategy.java:31)
	at org.flywaydb.core.internal.resolver.sql.SqlMigrationExecutor.execute(SqlMigrationExecutor.java:65)
	at org.flywaydb.core.internal.command.DbMigrate.doMigrateGroup(DbMigrate.java:391)
	... 36 common frames omitted
Caused by: org.postgresql.util.PSQLException: ERROR: column "c_parent" of relation "t_rental_point" does not exist
  Позиция: 73
	at org.postgresql.core.v3.QueryExecutorImpl.receiveErrorResponse(QueryExecutorImpl.java:2733)
	at org.postgresql.core.v3.QueryExecutorImpl.processResults(QueryExecutorImpl.java:2420)
	at org.postgresql.core.v3.QueryExecutorImpl.execute(QueryExecutorImpl.java:372)
	at org.postgresql.jdbc.PgStatement.executeInternal(PgStatement.java:517)
	at org.postgresql.jdbc.PgStatement.execute(PgStatement.java:434)
	at org.postgresql.jdbc.PgStatement.executeWithFlags(PgStatement.java:356)
	at org.postgresql.jdbc.PgStatement.executeCachedSql(PgStatement.java:341)
	at org.postgresql.jdbc.PgStatement.executeWithFlags(PgStatement.java:317)
	at org.postgresql.jdbc.PgStatement.execute(PgStatement.java:312)
	at com.zaxxer.hikari.pool.ProxyStatement.execute(ProxyStatement.java:94)
	at com.zaxxer.hikari.pool.HikariProxyStatement.execute(HikariProxyStatement.java)
	at org.flywaydb.core.internal.jdbc.JdbcTemplate.executeStatement(JdbcTemplate.java:210)
	at org.flywaydb.core.internal.sqlscript.ParsedSqlStatement.execute(ParsedSqlStatement.java:88)
	at org.flywaydb.core.internal.sqlscript.DefaultSqlScriptExecutor.executeStatement(DefaultSqlScriptExecutor.java:212)
	... 42 common frames omitted
2025-05-05 13:16:21 [main] INFO  r.n.scootrent.ScootRentApplication - Starting ScootRentApplication using Java 21.0.4 with PID 26628 (C:\Users\nazar\java-project\scoot-rent\target\classes started by nazar in C:\Users\nazar\java-project\scoot-rent)
2025-05-05 13:16:21 [main] DEBUG r.n.scootrent.ScootRentApplication - Running with Spring Boot v3.4.4, Spring v6.2.5
2025-05-05 13:16:21 [main] INFO  r.n.scootrent.ScootRentApplication - No active profile set, falling back to 1 default profile: "default"
2025-05-05 13:16:23 [main] INFO  o.s.b.w.e.tomcat.TomcatWebServer - Tomcat initialized with port 8080 (http)
2025-05-05 13:16:23 [main] INFO  o.a.catalina.core.StandardService - Starting service [Tomcat]
2025-05-05 13:16:23 [main] INFO  o.a.catalina.core.StandardEngine - Starting Servlet engine: [Apache Tomcat/10.1.39]
2025-05-05 13:16:23 [main] INFO  o.a.c.c.C.[Tomcat].[localhost].[/] - Initializing Spring embedded WebApplicationContext
2025-05-05 13:16:23 [main] INFO  o.s.b.w.s.c.ServletWebServerApplicationContext - Root WebApplicationContext: initialization completed in 2516 ms
2025-05-05 13:16:24 [main] INFO  com.zaxxer.hikari.HikariDataSource - HikariPool-1 - Starting...
2025-05-05 13:16:24 [main] INFO  com.zaxxer.hikari.pool.HikariPool - HikariPool-1 - Added connection org.postgresql.jdbc.PgConnection@59d5a6fd
2025-05-05 13:16:24 [main] INFO  com.zaxxer.hikari.HikariDataSource - HikariPool-1 - Start completed.
2025-05-05 13:16:24 [main] INFO  org.flywaydb.core.FlywayExecutor - Database: jdbc:postgresql://localhost:5432/scoot_rent_db_docker_test (PostgreSQL 16.8)
2025-05-05 13:16:24 [main] INFO  o.f.core.internal.command.DbValidate - Successfully validated 8 migrations (execution time 00:00.095s)
2025-05-05 13:16:24 [main] INFO  o.f.core.internal.command.DbMigrate - Current version of schema "public": 2.1
2025-05-05 13:16:24 [main] INFO  o.f.core.internal.command.DbMigrate - Migrating schema "public" to version "2.2 - insert rentalPoint"
2025-05-05 13:16:25 [main] INFO  o.f.core.internal.command.DbMigrate - Migrating schema "public" to version "2.3 - insert scooters"
2025-05-05 13:16:25 [main] ERROR o.f.core.internal.command.DbMigrate - Migration of schema "public" to version "2.3 - insert scooters" failed! Changes successfully rolled back.
2025-05-05 13:16:25 [main] WARN  o.s.b.w.s.c.AnnotationConfigServletWebServerApplicationContext - Exception encountered during context initialization - cancelling refresh attempt: org.springframework.beans.factory.BeanCreationException: Error creating bean with name 'entityManagerFactory' defined in class path resource [ru/noleg/scootrent/configuration/JpaConfiguration.class]: Failed to initialize dependency 'flywayInitializer' of LoadTimeWeaverAware bean 'entityManagerFactory': Error creating bean with name 'flywayInitializer' defined in class path resource [org/springframework/boot/autoconfigure/flyway/FlywayAutoConfiguration$FlywayConfiguration.class]: Script V2_3__insert_scooters.sql failed
---------------------------------------
SQL State  : 42703
Error Code : 0
Message    : ERROR: column "c_model" of relation "t_scooter" does not exist
  Позиция: 69
Location   : db/migration/V2_3__insert_scooters.sql (C:\Users\nazar\java-project\scoot-rent\target\classes\db\migration\V2_3__insert_scooters.sql)
Line       : 1
Statement  : Run Flyway with -X option to see the actual statement causing the problem

2025-05-05 13:16:25 [main] INFO  com.zaxxer.hikari.HikariDataSource - HikariPool-1 - Shutdown initiated...
2025-05-05 13:16:25 [main] INFO  com.zaxxer.hikari.HikariDataSource - HikariPool-1 - Shutdown completed.
2025-05-05 13:16:25 [main] INFO  o.a.catalina.core.StandardService - Stopping service [Tomcat]
2025-05-05 13:16:25 [main] INFO  o.s.b.a.l.ConditionEvaluationReportLogger - 

Error starting ApplicationContext. To display the condition evaluation report re-run your application with 'debug' enabled.
2025-05-05 13:16:25 [main] ERROR o.s.boot.SpringApplication - Application run failed
org.springframework.beans.factory.BeanCreationException: Error creating bean with name 'entityManagerFactory' defined in class path resource [ru/noleg/scootrent/configuration/JpaConfiguration.class]: Failed to initialize dependency 'flywayInitializer' of LoadTimeWeaverAware bean 'entityManagerFactory': Error creating bean with name 'flywayInitializer' defined in class path resource [org/springframework/boot/autoconfigure/flyway/FlywayAutoConfiguration$FlywayConfiguration.class]: Script V2_3__insert_scooters.sql failed
---------------------------------------
SQL State  : 42703
Error Code : 0
Message    : ERROR: column "c_model" of relation "t_scooter" does not exist
  Позиция: 69
Location   : db/migration/V2_3__insert_scooters.sql (C:\Users\nazar\java-project\scoot-rent\target\classes\db\migration\V2_3__insert_scooters.sql)
Line       : 1
Statement  : Run Flyway with -X option to see the actual statement causing the problem

	at org.springframework.beans.factory.support.AbstractBeanFactory.doGetBean(AbstractBeanFactory.java:328)
	at org.springframework.beans.factory.support.AbstractBeanFactory.getBean(AbstractBeanFactory.java:207)
	at org.springframework.context.support.AbstractApplicationContext.finishBeanFactoryInitialization(AbstractApplicationContext.java:970)
	at org.springframework.context.support.AbstractApplicationContext.refresh(AbstractApplicationContext.java:627)
	at org.springframework.boot.web.servlet.context.ServletWebServerApplicationContext.refresh(ServletWebServerApplicationContext.java:146)
	at org.springframework.boot.SpringApplication.refresh(SpringApplication.java:752)
	at org.springframework.boot.SpringApplication.refreshContext(SpringApplication.java:439)
	at org.springframework.boot.SpringApplication.run(SpringApplication.java:318)
	at org.springframework.boot.SpringApplication.run(SpringApplication.java:1361)
	at org.springframework.boot.SpringApplication.run(SpringApplication.java:1350)
	at ru.noleg.scootrent.ScootRentApplication.main(ScootRentApplication.java:10)
Caused by: org.springframework.beans.factory.BeanCreationException: Error creating bean with name 'flywayInitializer' defined in class path resource [org/springframework/boot/autoconfigure/flyway/FlywayAutoConfiguration$FlywayConfiguration.class]: Script V2_3__insert_scooters.sql failed
---------------------------------------
SQL State  : 42703
Error Code : 0
Message    : ERROR: column "c_model" of relation "t_scooter" does not exist
  Позиция: 69
Location   : db/migration/V2_3__insert_scooters.sql (C:\Users\nazar\java-project\scoot-rent\target\classes\db\migration\V2_3__insert_scooters.sql)
Line       : 1
Statement  : Run Flyway with -X option to see the actual statement causing the problem

	at org.springframework.beans.factory.support.AbstractAutowireCapableBeanFactory.initializeBean(AbstractAutowireCapableBeanFactory.java:1812)
	at org.springframework.beans.factory.support.AbstractAutowireCapableBeanFactory.doCreateBean(AbstractAutowireCapableBeanFactory.java:601)
	at org.springframework.beans.factory.support.AbstractAutowireCapableBeanFactory.createBean(AbstractAutowireCapableBeanFactory.java:523)
	at org.springframework.beans.factory.support.AbstractBeanFactory.lambda$doGetBean$0(AbstractBeanFactory.java:339)
	at org.springframework.beans.factory.support.DefaultSingletonBeanRegistry.getSingleton(DefaultSingletonBeanRegistry.java:347)
	at org.springframework.beans.factory.support.AbstractBeanFactory.doGetBean(AbstractBeanFactory.java:337)
	at org.springframework.beans.factory.support.AbstractBeanFactory.getBean(AbstractBeanFactory.java:202)
	at org.springframework.beans.factory.support.AbstractBeanFactory.doGetBean(AbstractBeanFactory.java:315)
	... 10 common frames omitted
Caused by: org.flywaydb.core.internal.exception.FlywayMigrateException: Script V2_3__insert_scooters.sql failed
---------------------------------------
SQL State  : 42703
Error Code : 0
Message    : ERROR: column "c_model" of relation "t_scooter" does not exist
  Позиция: 69
Location   : db/migration/V2_3__insert_scooters.sql (C:\Users\nazar\java-project\scoot-rent\target\classes\db\migration\V2_3__insert_scooters.sql)
Line       : 1
Statement  : Run Flyway with -X option to see the actual statement causing the problem

	at org.flywaydb.core.internal.command.DbMigrate.doMigrateGroup(DbMigrate.java:399)
	at org.flywaydb.core.internal.command.DbMigrate.lambda$applyMigrations$1(DbMigrate.java:283)
	at org.flywaydb.core.internal.jdbc.TransactionalExecutionTemplate.execute(TransactionalExecutionTemplate.java:59)
	at org.flywaydb.core.internal.command.DbMigrate.applyMigrations(DbMigrate.java:282)
	at org.flywaydb.core.internal.command.DbMigrate.migrateGroup(DbMigrate.java:255)
	at org.flywaydb.core.internal.command.DbMigrate.lambda$migrateAll$0(DbMigrate.java:153)
	at org.flywaydb.database.postgresql.PostgreSQLAdvisoryLockTemplate.execute(PostgreSQLAdvisoryLockTemplate.java:77)
	at org.flywaydb.database.postgresql.PostgreSQLAdvisoryLockTemplate.lambda$execute$0(PostgreSQLAdvisoryLockTemplate.java:60)
	at org.flywaydb.core.internal.jdbc.TransactionalExecutionTemplate.execute(TransactionalExecutionTemplate.java:59)
	at org.flywaydb.database.postgresql.PostgreSQLAdvisoryLockTemplate.execute(PostgreSQLAdvisoryLockTemplate.java:60)
	at org.flywaydb.database.postgresql.PostgreSQLConnection.lock(PostgreSQLConnection.java:105)
	at org.flywaydb.core.internal.schemahistory.JdbcTableSchemaHistory.lock(JdbcTableSchemaHistory.java:149)
	at org.flywaydb.core.internal.command.DbMigrate.migrateAll(DbMigrate.java:153)
	at org.flywaydb.core.internal.command.DbMigrate.migrate(DbMigrate.java:104)
	at org.flywaydb.core.Flyway.lambda$migrate$1(Flyway.java:230)
	at org.flywaydb.core.FlywayExecutor.execute(FlywayExecutor.java:213)
	at org.flywaydb.core.Flyway.migrate(Flyway.java:176)
	at org.springframework.boot.autoconfigure.flyway.FlywayMigrationInitializer.afterPropertiesSet(FlywayMigrationInitializer.java:66)
	at org.springframework.beans.factory.support.AbstractAutowireCapableBeanFactory.invokeInitMethods(AbstractAutowireCapableBeanFactory.java:1859)
	at org.springframework.beans.factory.support.AbstractAutowireCapableBeanFactory.initializeBean(AbstractAutowireCapableBeanFactory.java:1808)
	... 17 common frames omitted
Caused by: org.flywaydb.core.internal.sqlscript.FlywaySqlScriptException: Script V2_3__insert_scooters.sql failed
---------------------------------------
SQL State  : 42703
Error Code : 0
Message    : ERROR: column "c_model" of relation "t_scooter" does not exist
  Позиция: 69
Location   : db/migration/V2_3__insert_scooters.sql (C:\Users\nazar\java-project\scoot-rent\target\classes\db\migration\V2_3__insert_scooters.sql)
Line       : 1
Statement  : Run Flyway with -X option to see the actual statement causing the problem

	at org.flywaydb.core.internal.sqlscript.DefaultSqlScriptExecutor.handleException(DefaultSqlScriptExecutor.java:256)
	at org.flywaydb.core.internal.sqlscript.DefaultSqlScriptExecutor.executeStatement(DefaultSqlScriptExecutor.java:217)
	at org.flywaydb.core.internal.sqlscript.DefaultSqlScriptExecutor.execute(DefaultSqlScriptExecutor.java:137)
	at org.flywaydb.core.internal.resolver.sql.SqlMigrationExecutor.executeOnce(SqlMigrationExecutor.java:75)
	at org.flywaydb.core.internal.resolver.sql.SqlMigrationExecutor.lambda$execute$0(SqlMigrationExecutor.java:66)
	at org.flywaydb.core.internal.database.DefaultExecutionStrategy.execute(DefaultExecutionStrategy.java:31)
	at org.flywaydb.core.internal.resolver.sql.SqlMigrationExecutor.execute(SqlMigrationExecutor.java:65)
	at org.flywaydb.core.internal.command.DbMigrate.doMigrateGroup(DbMigrate.java:391)
	... 36 common frames omitted
Caused by: org.postgresql.util.PSQLException: ERROR: column "c_model" of relation "t_scooter" does not exist
  Позиция: 69
	at org.postgresql.core.v3.QueryExecutorImpl.receiveErrorResponse(QueryExecutorImpl.java:2733)
	at org.postgresql.core.v3.QueryExecutorImpl.processResults(QueryExecutorImpl.java:2420)
	at org.postgresql.core.v3.QueryExecutorImpl.execute(QueryExecutorImpl.java:372)
	at org.postgresql.jdbc.PgStatement.executeInternal(PgStatement.java:517)
	at org.postgresql.jdbc.PgStatement.execute(PgStatement.java:434)
	at org.postgresql.jdbc.PgStatement.executeWithFlags(PgStatement.java:356)
	at org.postgresql.jdbc.PgStatement.executeCachedSql(PgStatement.java:341)
	at org.postgresql.jdbc.PgStatement.executeWithFlags(PgStatement.java:317)
	at org.postgresql.jdbc.PgStatement.execute(PgStatement.java:312)
	at com.zaxxer.hikari.pool.ProxyStatement.execute(ProxyStatement.java:94)
	at com.zaxxer.hikari.pool.HikariProxyStatement.execute(HikariProxyStatement.java)
	at org.flywaydb.core.internal.jdbc.JdbcTemplate.executeStatement(JdbcTemplate.java:210)
	at org.flywaydb.core.internal.sqlscript.ParsedSqlStatement.execute(ParsedSqlStatement.java:88)
	at org.flywaydb.core.internal.sqlscript.DefaultSqlScriptExecutor.executeStatement(DefaultSqlScriptExecutor.java:212)
	... 42 common frames omitted
2025-05-05 13:16:45 [main] INFO  r.n.scootrent.ScootRentApplication - Starting ScootRentApplication using Java 21.0.4 with PID 14780 (C:\Users\nazar\java-project\scoot-rent\target\classes started by nazar in C:\Users\nazar\java-project\scoot-rent)
2025-05-05 13:16:45 [main] DEBUG r.n.scootrent.ScootRentApplication - Running with Spring Boot v3.4.4, Spring v6.2.5
2025-05-05 13:16:45 [main] INFO  r.n.scootrent.ScootRentApplication - No active profile set, falling back to 1 default profile: "default"
2025-05-05 13:16:48 [main] INFO  o.s.b.w.e.tomcat.TomcatWebServer - Tomcat initialized with port 8080 (http)
2025-05-05 13:16:48 [main] INFO  o.a.catalina.core.StandardService - Starting service [Tomcat]
2025-05-05 13:16:48 [main] INFO  o.a.catalina.core.StandardEngine - Starting Servlet engine: [Apache Tomcat/10.1.39]
2025-05-05 13:16:48 [main] INFO  o.a.c.c.C.[Tomcat].[localhost].[/] - Initializing Spring embedded WebApplicationContext
2025-05-05 13:16:48 [main] INFO  o.s.b.w.s.c.ServletWebServerApplicationContext - Root WebApplicationContext: initialization completed in 2510 ms
2025-05-05 13:16:48 [main] INFO  com.zaxxer.hikari.HikariDataSource - HikariPool-1 - Starting...
2025-05-05 13:16:49 [main] INFO  com.zaxxer.hikari.pool.HikariPool - HikariPool-1 - Added connection org.postgresql.jdbc.PgConnection@f18b738
2025-05-05 13:16:49 [main] INFO  com.zaxxer.hikari.HikariDataSource - HikariPool-1 - Start completed.
2025-05-05 13:16:49 [main] INFO  org.flywaydb.core.FlywayExecutor - Database: jdbc:postgresql://localhost:5432/scoot_rent_db_docker_test (PostgreSQL 16.8)
2025-05-05 13:16:49 [main] INFO  o.f.core.internal.command.DbValidate - Successfully validated 8 migrations (execution time 00:00.077s)
2025-05-05 13:16:49 [main] INFO  o.f.core.internal.command.DbMigrate - Current version of schema "public": 2.2
2025-05-05 13:16:49 [main] INFO  o.f.core.internal.command.DbMigrate - Migrating schema "public" to version "2.3 - insert scooters"
2025-05-05 13:16:49 [main] INFO  o.f.core.internal.command.DbMigrate - Migrating schema "public" to version "2.4 - insert users"
2025-05-05 13:16:49 [main] INFO  o.f.core.internal.command.DbMigrate - Migrating schema "public" to version "2.5 - insert tariffs"
2025-05-05 13:16:49 [main] INFO  o.f.core.internal.command.DbMigrate - Migrating schema "public" to version "2.6 - insert user tariffs"
2025-05-05 13:16:49 [main] INFO  o.f.core.internal.command.DbMigrate - Migrating schema "public" to version "2.7 - insert user subscriptions"
2025-05-05 13:16:49 [main] INFO  o.f.core.internal.command.DbMigrate - Successfully applied 5 migrations to schema "public", now at version v2.7 (execution time 00:00.082s)
2025-05-05 13:16:49 [main] INFO  o.h.jpa.internal.util.LogHelper - HHH000204: Processing PersistenceUnitInfo [name: default]
2025-05-05 13:16:49 [main] INFO  org.hibernate.Version - HHH000412: Hibernate ORM core version 6.6.11.Final
2025-05-05 13:16:50 [main] INFO  o.h.c.i.RegionFactoryInitiator - HHH000026: Second-level cache disabled
2025-05-05 13:16:51 [main] INFO  o.s.o.j.p.SpringPersistenceUnitInfo - No LoadTimeWeaver setup: ignoring JPA class transformer
2025-05-05 13:16:51 [main] INFO  o.hibernate.orm.connections.pooling - HHH10001005: Database info:
	Database JDBC URL [Connecting through datasource 'HikariDataSource (HikariPool-1)']
	Database driver: undefined/unknown
	Database version: 16.8
	Autocommit mode: undefined/unknown
	Isolation level: undefined/unknown
	Minimum pool size: undefined/unknown
	Maximum pool size: undefined/unknown
2025-05-05 13:16:53 [main] INFO  o.h.e.t.j.p.i.JtaPlatformInitiator - HHH000489: No JTA platform available (set 'hibernate.transaction.jta.platform' to enable JTA platform integration)
2025-05-05 13:16:53 [main] INFO  o.s.o.j.LocalContainerEntityManagerFactoryBean - Initialized JPA EntityManagerFactory for persistence unit 'default'
2025-05-05 13:16:54 [main] WARN  o.s.b.a.o.j.JpaBaseConfiguration$JpaWebConfiguration - spring.jpa.open-in-view is enabled by default. Therefore, database queries may be performed during view rendering. Explicitly configure spring.jpa.open-in-view to disable this warning
2025-05-05 13:16:55 [main] INFO  o.s.b.w.e.tomcat.TomcatWebServer - Tomcat started on port 8080 (http) with context path '/'
2025-05-05 13:16:55 [main] INFO  r.n.scootrent.ScootRentApplication - Started ScootRentApplication in 10.415 seconds (process running for 11.785)
2025-05-05 13:17:51 [http-nio-8080-exec-1] INFO  o.a.c.c.C.[Tomcat].[localhost].[/] - Initializing Spring DispatcherServlet 'dispatcherServlet'
2025-05-05 13:17:51 [http-nio-8080-exec-1] INFO  o.s.web.servlet.DispatcherServlet - Initializing Servlet 'dispatcherServlet'
2025-05-05 13:17:51 [http-nio-8080-exec-1] INFO  o.s.web.servlet.DispatcherServlet - Completed initialization in 2 ms
2025-05-05 13:17:54 [http-nio-8080-exec-9] INFO  o.s.api.AbstractOpenApiResource - Init duration for springdoc-openapi is: 1513 ms
2025-05-05 13:20:08 [http-nio-8080-exec-6] INFO  r.n.s.controller.RentalController - Полученный запрос: POST /start с параметрами: userId=6, scooterId=3, rentalPointId=8.
2025-05-05 13:20:08 [http-nio-8080-exec-6] DEBUG r.n.s.r.util.BaseRepositoryImpl - Fetching Scooter entity by id: 3.
2025-05-05 13:20:08 [http-nio-8080-exec-6] INFO  r.n.s.r.util.BaseRepositoryImpl - Found Scooter entity with id: 3.
2025-05-05 13:20:08 [http-nio-8080-exec-6] DEBUG r.n.s.r.util.BaseRepositoryImpl - Fetching User entity by id: 6.
2025-05-05 13:20:08 [http-nio-8080-exec-6] INFO  r.n.s.r.util.BaseRepositoryImpl - Found User entity with id: 6.
2025-05-05 13:20:09 [http-nio-8080-exec-6] DEBUG r.n.s.r.util.BaseRepositoryImpl - Fetching RentalPoint entity by id: 8.
2025-05-05 13:20:09 [http-nio-8080-exec-6] INFO  r.n.s.r.util.BaseRepositoryImpl - Found RentalPoint entity with id: 8.
2025-05-05 13:20:09 [http-nio-8080-exec-6] INFO  r.n.s.r.util.BaseRepositoryImpl - Updated Scooter entity successfully with id: 3.
2025-05-05 13:20:09 [http-nio-8080-exec-6] INFO  r.n.s.r.util.BaseRepositoryImpl - Updated User entity successfully with id: 6.
2025-05-05 13:20:09 [http-nio-8080-exec-6] INFO  r.n.s.r.util.BaseRepositoryImpl - Persisted new Rental entity successfully.
2025-05-05 13:20:09 [http-nio-8080-exec-6] DEBUG r.n.s.controller.RentalController - Аренда начата успешно. rentalId=1.
2025-05-05 13:21:01 [http-nio-8080-exec-4] INFO  r.n.s.controller.UserController - Полученный запрос: GET /6/history получение истории аренды пользователя.
2025-05-05 13:21:01 [http-nio-8080-exec-4] DEBUG r.n.s.controller.UserController - Получено 1 записей истории аренды для пользователя с id 6.
2025-05-05 13:21:10 [SpringApplicationShutdownHook] INFO  o.s.b.w.e.tomcat.GracefulShutdown - Commencing graceful shutdown. Waiting for active requests to complete
2025-05-05 13:21:10 [tomcat-shutdown] INFO  o.s.b.w.e.tomcat.GracefulShutdown - Graceful shutdown complete
2025-05-05 13:21:10 [SpringApplicationShutdownHook] INFO  o.s.o.j.LocalContainerEntityManagerFactoryBean - Closing JPA EntityManagerFactory for persistence unit 'default'
2025-05-05 13:21:10 [SpringApplicationShutdownHook] INFO  com.zaxxer.hikari.HikariDataSource - HikariPool-1 - Shutdown initiated...
2025-05-05 13:21:10 [SpringApplicationShutdownHook] INFO  com.zaxxer.hikari.HikariDataSource - HikariPool-1 - Shutdown completed.
2025-05-05 13:24:28 [main] INFO  r.n.scootrent.ScootRentApplication - Starting ScootRentApplication using Java 21.0.4 with PID 23388 (C:\Users\nazar\java-project\scoot-rent\target\classes started by nazar in C:\Users\nazar\java-project\scoot-rent)
2025-05-05 13:24:28 [main] DEBUG r.n.scootrent.ScootRentApplication - Running with Spring Boot v3.4.4, Spring v6.2.5
2025-05-05 13:24:28 [main] INFO  r.n.scootrent.ScootRentApplication - No active profile set, falling back to 1 default profile: "default"
2025-05-05 13:24:30 [main] INFO  o.s.b.w.e.tomcat.TomcatWebServer - Tomcat initialized with port 8080 (http)
2025-05-05 13:24:30 [main] INFO  o.a.catalina.core.StandardService - Starting service [Tomcat]
2025-05-05 13:24:30 [main] INFO  o.a.catalina.core.StandardEngine - Starting Servlet engine: [Apache Tomcat/10.1.39]
2025-05-05 13:24:30 [main] INFO  o.a.c.c.C.[Tomcat].[localhost].[/] - Initializing Spring embedded WebApplicationContext
2025-05-05 13:24:30 [main] INFO  o.s.b.w.s.c.ServletWebServerApplicationContext - Root WebApplicationContext: initialization completed in 2675 ms
2025-05-05 13:24:31 [main] INFO  com.zaxxer.hikari.HikariDataSource - HikariPool-1 - Starting...
2025-05-05 13:24:31 [main] INFO  com.zaxxer.hikari.pool.HikariPool - HikariPool-1 - Added connection org.postgresql.jdbc.PgConnection@112c2930
2025-05-05 13:24:31 [main] INFO  com.zaxxer.hikari.HikariDataSource - HikariPool-1 - Start completed.
2025-05-05 13:24:31 [main] INFO  org.flywaydb.core.FlywayExecutor - Database: jdbc:postgresql://localhost:5432/scoot_rent_db_docker_test (PostgreSQL 16.8)
2025-05-05 13:24:31 [main] INFO  o.f.core.internal.command.DbValidate - Successfully validated 8 migrations (execution time 00:00.074s)
2025-05-05 13:24:31 [main] INFO  o.f.core.internal.command.DbMigrate - Current version of schema "public": 2.7
2025-05-05 13:24:31 [main] INFO  o.f.core.internal.command.DbMigrate - Schema "public" is up to date. No migration necessary.
2025-05-05 13:24:32 [main] INFO  o.h.jpa.internal.util.LogHelper - HHH000204: Processing PersistenceUnitInfo [name: default]
2025-05-05 13:24:32 [main] INFO  org.hibernate.Version - HHH000412: Hibernate ORM core version 6.6.11.Final
2025-05-05 13:24:32 [main] INFO  o.h.c.i.RegionFactoryInitiator - HHH000026: Second-level cache disabled
2025-05-05 13:24:33 [main] INFO  o.s.o.j.p.SpringPersistenceUnitInfo - No LoadTimeWeaver setup: ignoring JPA class transformer
2025-05-05 13:24:33 [main] INFO  o.hibernate.orm.connections.pooling - HHH10001005: Database info:
	Database JDBC URL [Connecting through datasource 'HikariDataSource (HikariPool-1)']
	Database driver: undefined/unknown
	Database version: 16.8
	Autocommit mode: undefined/unknown
	Isolation level: undefined/unknown
	Minimum pool size: undefined/unknown
	Maximum pool size: undefined/unknown
2025-05-05 13:24:35 [main] INFO  o.h.e.t.j.p.i.JtaPlatformInitiator - HHH000489: No JTA platform available (set 'hibernate.transaction.jta.platform' to enable JTA platform integration)
2025-05-05 13:24:35 [main] INFO  o.s.o.j.LocalContainerEntityManagerFactoryBean - Initialized JPA EntityManagerFactory for persistence unit 'default'
2025-05-05 13:24:36 [main] WARN  o.s.b.a.o.j.JpaBaseConfiguration$JpaWebConfiguration - spring.jpa.open-in-view is enabled by default. Therefore, database queries may be performed during view rendering. Explicitly configure spring.jpa.open-in-view to disable this warning
2025-05-05 13:24:37 [main] INFO  o.s.b.w.e.tomcat.TomcatWebServer - Tomcat started on port 8080 (http) with context path '/'
2025-05-05 13:24:37 [main] INFO  r.n.scootrent.ScootRentApplication - Started ScootRentApplication in 10.482 seconds (process running for 12.024)
2025-05-05 13:24:44 [SpringApplicationShutdownHook] INFO  o.s.b.w.e.tomcat.GracefulShutdown - Commencing graceful shutdown. Waiting for active requests to complete
2025-05-05 13:24:44 [tomcat-shutdown] INFO  o.s.b.w.e.tomcat.GracefulShutdown - Graceful shutdown complete
2025-05-05 13:24:44 [SpringApplicationShutdownHook] INFO  o.s.o.j.LocalContainerEntityManagerFactoryBean - Closing JPA EntityManagerFactory for persistence unit 'default'
2025-05-05 13:24:44 [SpringApplicationShutdownHook] INFO  com.zaxxer.hikari.HikariDataSource - HikariPool-1 - Shutdown initiated...
2025-05-05 13:24:44 [SpringApplicationShutdownHook] INFO  com.zaxxer.hikari.HikariDataSource - HikariPool-1 - Shutdown completed.
2025-05-05 13:25:22 [main] INFO  r.n.scootrent.ScootRentApplication - Starting ScootRentApplication using Java 21.0.4 with PID 29172 (C:\Users\nazar\java-project\scoot-rent\target\classes started by nazar in C:\Users\nazar\java-project\scoot-rent)
2025-05-05 13:25:22 [main] DEBUG r.n.scootrent.ScootRentApplication - Running with Spring Boot v3.4.4, Spring v6.2.5
2025-05-05 13:25:22 [main] INFO  r.n.scootrent.ScootRentApplication - No active profile set, falling back to 1 default profile: "default"
2025-05-05 13:25:25 [main] INFO  o.s.b.w.e.tomcat.TomcatWebServer - Tomcat initialized with port 8080 (http)
2025-05-05 13:25:25 [main] INFO  o.a.catalina.core.StandardService - Starting service [Tomcat]
2025-05-05 13:25:25 [main] INFO  o.a.catalina.core.StandardEngine - Starting Servlet engine: [Apache Tomcat/10.1.39]
2025-05-05 13:25:25 [main] INFO  o.a.c.c.C.[Tomcat].[localhost].[/] - Initializing Spring embedded WebApplicationContext
2025-05-05 13:25:25 [main] INFO  o.s.b.w.s.c.ServletWebServerApplicationContext - Root WebApplicationContext: initialization completed in 2590 ms
2025-05-05 13:25:25 [main] INFO  com.zaxxer.hikari.HikariDataSource - HikariPool-1 - Starting...
2025-05-05 13:25:25 [main] INFO  com.zaxxer.hikari.pool.HikariPool - HikariPool-1 - Added connection org.postgresql.jdbc.PgConnection@5be4be74
2025-05-05 13:25:25 [main] INFO  com.zaxxer.hikari.HikariDataSource - HikariPool-1 - Start completed.
2025-05-05 13:25:26 [main] INFO  org.flywaydb.core.FlywayExecutor - Database: jdbc:postgresql://localhost:5432/scoot_rent_db_docker_test (PostgreSQL 16.8)
2025-05-05 13:25:26 [main] INFO  o.f.c.i.s.JdbcTableSchemaHistory - Schema history table "public"."flyway_schema_history" does not exist yet
2025-05-05 13:25:26 [main] INFO  o.f.core.internal.command.DbValidate - Successfully validated 8 migrations (execution time 00:00.048s)
2025-05-05 13:25:26 [main] INFO  o.f.c.i.s.JdbcTableSchemaHistory - Creating Schema History table "public"."flyway_schema_history" ...
2025-05-05 13:25:26 [main] INFO  o.f.core.internal.command.DbMigrate - Current version of schema "public": << Empty Schema >>
2025-05-05 13:25:26 [main] INFO  o.f.core.internal.command.DbMigrate - Migrating schema "public" to version "1.1 - init schema"
2025-05-05 13:25:26 [main] INFO  o.f.core.internal.command.DbMigrate - Migrating schema "public" to version "2.1 - insert scooterModels"
2025-05-05 13:25:26 [main] INFO  o.f.core.internal.command.DbMigrate - Migrating schema "public" to version "2.2 - insert rentalPoint"
2025-05-05 13:25:26 [main] INFO  o.f.core.internal.command.DbMigrate - Migrating schema "public" to version "2.3 - insert scooters"
2025-05-05 13:25:26 [main] INFO  o.f.core.internal.command.DbMigrate - Migrating schema "public" to version "2.4 - insert users"
2025-05-05 13:25:26 [main] INFO  o.f.core.internal.command.DbMigrate - Migrating schema "public" to version "2.5 - insert tariffs"
2025-05-05 13:25:26 [main] INFO  o.f.core.internal.command.DbMigrate - Migrating schema "public" to version "2.6 - insert user tariffs"
2025-05-05 13:25:26 [main] INFO  o.f.core.internal.command.DbMigrate - Migrating schema "public" to version "2.7 - insert user subscriptions"
2025-05-05 13:25:26 [main] INFO  o.f.core.internal.command.DbMigrate - Successfully applied 8 migrations to schema "public", now at version v2.7 (execution time 00:00.280s)
2025-05-05 13:25:27 [main] INFO  o.h.jpa.internal.util.LogHelper - HHH000204: Processing PersistenceUnitInfo [name: default]
2025-05-05 13:25:27 [main] INFO  org.hibernate.Version - HHH000412: Hibernate ORM core version 6.6.11.Final
2025-05-05 13:25:27 [main] INFO  o.h.c.i.RegionFactoryInitiator - HHH000026: Second-level cache disabled
2025-05-05 13:25:28 [main] INFO  o.s.o.j.p.SpringPersistenceUnitInfo - No LoadTimeWeaver setup: ignoring JPA class transformer
2025-05-05 13:25:28 [main] INFO  o.hibernate.orm.connections.pooling - HHH10001005: Database info:
	Database JDBC URL [Connecting through datasource 'HikariDataSource (HikariPool-1)']
	Database driver: undefined/unknown
	Database version: 16.8
	Autocommit mode: undefined/unknown
	Isolation level: undefined/unknown
	Minimum pool size: undefined/unknown
	Maximum pool size: undefined/unknown
2025-05-05 13:25:30 [main] INFO  o.h.e.t.j.p.i.JtaPlatformInitiator - HHH000489: No JTA platform available (set 'hibernate.transaction.jta.platform' to enable JTA platform integration)
2025-05-05 13:25:30 [main] INFO  o.s.o.j.LocalContainerEntityManagerFactoryBean - Initialized JPA EntityManagerFactory for persistence unit 'default'
2025-05-05 13:25:31 [main] WARN  o.s.b.a.o.j.JpaBaseConfiguration$JpaWebConfiguration - spring.jpa.open-in-view is enabled by default. Therefore, database queries may be performed during view rendering. Explicitly configure spring.jpa.open-in-view to disable this warning
2025-05-05 13:25:32 [main] INFO  o.s.b.w.e.tomcat.TomcatWebServer - Tomcat started on port 8080 (http) with context path '/'
2025-05-05 13:25:32 [main] INFO  r.n.scootrent.ScootRentApplication - Started ScootRentApplication in 10.499 seconds (process running for 11.943)
2025-05-05 13:25:45 [http-nio-8080-exec-1] INFO  o.a.c.c.C.[Tomcat].[localhost].[/] - Initializing Spring DispatcherServlet 'dispatcherServlet'
2025-05-05 13:25:45 [http-nio-8080-exec-1] INFO  o.s.web.servlet.DispatcherServlet - Initializing Servlet 'dispatcherServlet'
2025-05-05 13:25:45 [http-nio-8080-exec-1] INFO  o.s.web.servlet.DispatcherServlet - Completed initialization in 2 ms
2025-05-05 13:25:46 [http-nio-8080-exec-1] INFO  r.n.s.controller.RentalController - Полученный запрос: POST /start с параметрами: userId=6, scooterId=3, rentalPointId=8.
2025-05-05 13:25:46 [http-nio-8080-exec-1] DEBUG r.n.s.r.util.BaseRepositoryImpl - Fetching Scooter entity by id: 3.
2025-05-05 13:25:46 [http-nio-8080-exec-1] INFO  r.n.s.r.util.BaseRepositoryImpl - Found Scooter entity with id: 3.
2025-05-05 13:25:46 [http-nio-8080-exec-1] DEBUG r.n.s.r.util.BaseRepositoryImpl - Fetching User entity by id: 6.
2025-05-05 13:25:46 [http-nio-8080-exec-1] INFO  r.n.s.r.util.BaseRepositoryImpl - Found User entity with id: 6.
2025-05-05 13:25:47 [http-nio-8080-exec-1] DEBUG r.n.s.r.util.BaseRepositoryImpl - Fetching RentalPoint entity by id: 8.
2025-05-05 13:25:47 [http-nio-8080-exec-1] INFO  r.n.s.r.util.BaseRepositoryImpl - Found RentalPoint entity with id: 8.
2025-05-05 13:25:47 [http-nio-8080-exec-1] ERROR r.n.s.e.h.GlobalExceptionHandler - Exception occurred: Scooter with id: 3 is not at the rental point with id: 8.
ru.noleg.scootrent.exception.BusinessLogicException: Scooter with id: 3 is not at the rental point with id: 8
	at ru.noleg.scootrent.service.rental.start.RentalStarterImpl.startRental(RentalStarterImpl.java:70)
	at java.base/jdk.internal.reflect.DirectMethodHandleAccessor.invoke(DirectMethodHandleAccessor.java:103)
	at java.base/java.lang.reflect.Method.invoke(Method.java:580)
	at org.springframework.aop.support.AopUtils.invokeJoinpointUsingReflection(AopUtils.java:359)
	at org.springframework.aop.framework.ReflectiveMethodInvocation.invokeJoinpoint(ReflectiveMethodInvocation.java:196)
	at org.springframework.aop.framework.ReflectiveMethodInvocation.proceed(ReflectiveMethodInvocation.java:163)
	at org.springframework.transaction.interceptor.TransactionAspectSupport.invokeWithinTransaction(TransactionAspectSupport.java:380)
	at org.springframework.transaction.interceptor.TransactionInterceptor.invoke(TransactionInterceptor.java:119)
	at org.springframework.aop.framework.ReflectiveMethodInvocation.proceed(ReflectiveMethodInvocation.java:184)
	at org.springframework.aop.framework.CglibAopProxy$DynamicAdvisedInterceptor.intercept(CglibAopProxy.java:727)
	at ru.noleg.scootrent.service.rental.start.RentalStarterImpl$$SpringCGLIB$$0.startRental(<generated>)
	at ru.noleg.scootrent.service.rental.RentalServiceDefaultImpl.startRental(RentalServiceDefaultImpl.java:42)
	at java.base/jdk.internal.reflect.DirectMethodHandleAccessor.invoke(DirectMethodHandleAccessor.java:103)
	at java.base/java.lang.reflect.Method.invoke(Method.java:580)
	at org.springframework.aop.support.AopUtils.invokeJoinpointUsingReflection(AopUtils.java:359)
	at org.springframework.aop.framework.ReflectiveMethodInvocation.invokeJoinpoint(ReflectiveMethodInvocation.java:196)
	at org.springframework.aop.framework.ReflectiveMethodInvocation.proceed(ReflectiveMethodInvocation.java:163)
	at org.springframework.transaction.interceptor.TransactionAspectSupport.invokeWithinTransaction(TransactionAspectSupport.java:380)
	at org.springframework.transaction.interceptor.TransactionInterceptor.invoke(TransactionInterceptor.java:119)
	at org.springframework.aop.framework.ReflectiveMethodInvocation.proceed(ReflectiveMethodInvocation.java:184)
	at org.springframework.aop.framework.CglibAopProxy$DynamicAdvisedInterceptor.intercept(CglibAopProxy.java:727)
	at ru.noleg.scootrent.service.rental.RentalServiceDefaultImpl$$SpringCGLIB$$0.startRental(<generated>)
	at ru.noleg.scootrent.controller.RentalController.startRental(RentalController.java:54)
	at java.base/jdk.internal.reflect.DirectMethodHandleAccessor.invoke(DirectMethodHandleAccessor.java:103)
	at java.base/java.lang.reflect.Method.invoke(Method.java:580)
	at org.springframework.aop.support.AopUtils.invokeJoinpointUsingReflection(AopUtils.java:359)
	at org.springframework.aop.framework.ReflectiveMethodInvocation.invokeJoinpoint(ReflectiveMethodInvocation.java:196)
	at org.springframework.aop.framework.ReflectiveMethodInvocation.proceed(ReflectiveMethodInvocation.java:163)
	at org.springframework.validation.beanvalidation.MethodValidationInterceptor.invoke(MethodValidationInterceptor.java:174)
	at org.springframework.aop.framework.ReflectiveMethodInvocation.proceed(ReflectiveMethodInvocation.java:184)
	at org.springframework.aop.framework.CglibAopProxy$DynamicAdvisedInterceptor.intercept(CglibAopProxy.java:727)
	at ru.noleg.scootrent.controller.RentalController$$SpringCGLIB$$0.startRental(<generated>)
	at java.base/jdk.internal.reflect.DirectMethodHandleAccessor.invoke(DirectMethodHandleAccessor.java:103)
	at java.base/java.lang.reflect.Method.invoke(Method.java:580)
	at org.springframework.web.method.support.InvocableHandlerMethod.doInvoke(InvocableHandlerMethod.java:258)
	at org.springframework.web.method.support.InvocableHandlerMethod.invokeForRequest(InvocableHandlerMethod.java:191)
	at org.springframework.web.servlet.mvc.method.annotation.ServletInvocableHandlerMethod.invokeAndHandle(ServletInvocableHandlerMethod.java:118)
	at org.springframework.web.servlet.mvc.method.annotation.RequestMappingHandlerAdapter.invokeHandlerMethod(RequestMappingHandlerAdapter.java:986)
	at org.springframework.web.servlet.mvc.method.annotation.RequestMappingHandlerAdapter.handleInternal(RequestMappingHandlerAdapter.java:891)
	at org.springframework.web.servlet.mvc.method.AbstractHandlerMethodAdapter.handle(AbstractHandlerMethodAdapter.java:87)
	at org.springframework.web.servlet.DispatcherServlet.doDispatch(DispatcherServlet.java:1089)
	at org.springframework.web.servlet.DispatcherServlet.doService(DispatcherServlet.java:979)
	at org.springframework.web.servlet.FrameworkServlet.processRequest(FrameworkServlet.java:1014)
	at org.springframework.web.servlet.FrameworkServlet.doPost(FrameworkServlet.java:914)
	at jakarta.servlet.http.HttpServlet.service(HttpServlet.java:590)
	at org.springframework.web.servlet.FrameworkServlet.service(FrameworkServlet.java:885)
	at jakarta.servlet.http.HttpServlet.service(HttpServlet.java:658)
	at org.apache.catalina.core.ApplicationFilterChain.internalDoFilter(ApplicationFilterChain.java:195)
	at org.apache.catalina.core.ApplicationFilterChain.doFilter(ApplicationFilterChain.java:140)
	at org.apache.tomcat.websocket.server.WsFilter.doFilter(WsFilter.java:51)
	at org.apache.catalina.core.ApplicationFilterChain.internalDoFilter(ApplicationFilterChain.java:164)
	at org.apache.catalina.core.ApplicationFilterChain.doFilter(ApplicationFilterChain.java:140)
	at org.springframework.web.filter.RequestContextFilter.doFilterInternal(RequestContextFilter.java:100)
	at org.springframework.web.filter.OncePerRequestFilter.doFilter(OncePerRequestFilter.java:116)
	at org.apache.catalina.core.ApplicationFilterChain.internalDoFilter(ApplicationFilterChain.java:164)
	at org.apache.catalina.core.ApplicationFilterChain.doFilter(ApplicationFilterChain.java:140)
	at org.springframework.web.filter.FormContentFilter.doFilterInternal(FormContentFilter.java:93)
	at org.springframework.web.filter.OncePerRequestFilter.doFilter(OncePerRequestFilter.java:116)
	at org.apache.catalina.core.ApplicationFilterChain.internalDoFilter(ApplicationFilterChain.java:164)
	at org.apache.catalina.core.ApplicationFilterChain.doFilter(ApplicationFilterChain.java:140)
	at org.springframework.web.filter.CharacterEncodingFilter.doFilterInternal(CharacterEncodingFilter.java:201)
	at org.springframework.web.filter.OncePerRequestFilter.doFilter(OncePerRequestFilter.java:116)
	at org.apache.catalina.core.ApplicationFilterChain.internalDoFilter(ApplicationFilterChain.java:164)
	at org.apache.catalina.core.ApplicationFilterChain.doFilter(ApplicationFilterChain.java:140)
	at org.apache.catalina.core.StandardWrapperValve.invoke(StandardWrapperValve.java:167)
	at org.apache.catalina.core.StandardContextValve.invoke(StandardContextValve.java:90)
	at org.apache.catalina.authenticator.AuthenticatorBase.invoke(AuthenticatorBase.java:483)
	at org.apache.catalina.core.StandardHostValve.invoke(StandardHostValve.java:115)
	at org.apache.catalina.valves.ErrorReportValve.invoke(ErrorReportValve.java:93)
	at org.apache.catalina.core.StandardEngineValve.invoke(StandardEngineValve.java:74)
	at org.apache.catalina.connector.CoyoteAdapter.service(CoyoteAdapter.java:344)
	at org.apache.coyote.http11.Http11Processor.service(Http11Processor.java:397)
	at org.apache.coyote.AbstractProcessorLight.process(AbstractProcessorLight.java:63)
	at org.apache.coyote.AbstractProtocol$ConnectionHandler.process(AbstractProtocol.java:905)
	at org.apache.tomcat.util.net.NioEndpoint$SocketProcessor.doRun(NioEndpoint.java:1743)
	at org.apache.tomcat.util.net.SocketProcessorBase.run(SocketProcessorBase.java:52)
	at org.apache.tomcat.util.threads.ThreadPoolExecutor.runWorker(ThreadPoolExecutor.java:1190)
	at org.apache.tomcat.util.threads.ThreadPoolExecutor$Worker.run(ThreadPoolExecutor.java:659)
	at org.apache.tomcat.util.threads.TaskThread$WrappingRunnable.run(TaskThread.java:63)
	at java.base/java.lang.Thread.run(Thread.java:1583)
2025-05-05 13:26:01 [http-nio-8080-exec-2] INFO  r.n.s.controller.RentalController - Полученный запрос: POST /start с параметрами: userId=6, scooterId=2, rentalPointId=8.
2025-05-05 13:26:01 [http-nio-8080-exec-2] DEBUG r.n.s.r.util.BaseRepositoryImpl - Fetching Scooter entity by id: 2.
2025-05-05 13:26:01 [http-nio-8080-exec-2] INFO  r.n.s.r.util.BaseRepositoryImpl - Found Scooter entity with id: 2.
2025-05-05 13:26:01 [http-nio-8080-exec-2] DEBUG r.n.s.r.util.BaseRepositoryImpl - Fetching User entity by id: 6.
2025-05-05 13:26:01 [http-nio-8080-exec-2] INFO  r.n.s.r.util.BaseRepositoryImpl - Found User entity with id: 6.
2025-05-05 13:26:01 [http-nio-8080-exec-2] DEBUG r.n.s.r.util.BaseRepositoryImpl - Fetching RentalPoint entity by id: 8.
2025-05-05 13:26:01 [http-nio-8080-exec-2] INFO  r.n.s.r.util.BaseRepositoryImpl - Found RentalPoint entity with id: 8.
2025-05-05 13:26:01 [http-nio-8080-exec-2] INFO  r.n.s.r.util.BaseRepositoryImpl - Updated User entity successfully with id: 6.
2025-05-05 13:26:02 [http-nio-8080-exec-2] INFO  r.n.s.r.util.BaseRepositoryImpl - Persisted new Rental entity successfully.
2025-05-05 13:26:02 [http-nio-8080-exec-2] DEBUG r.n.s.controller.RentalController - Аренда начата успешно. rentalId=1.
2025-05-05 13:26:07 [http-nio-8080-exec-3] INFO  r.n.s.controller.UserController - Полученный запрос: GET /6/history получение истории аренды пользователя.
2025-05-05 13:26:07 [http-nio-8080-exec-3] DEBUG r.n.s.controller.UserController - Получено 1 записей истории аренды для пользователя с id 6.
2025-05-05 13:26:51 [SpringApplicationShutdownHook] INFO  o.s.b.w.e.tomcat.GracefulShutdown - Commencing graceful shutdown. Waiting for active requests to complete
2025-05-05 13:26:51 [tomcat-shutdown] INFO  o.s.b.w.e.tomcat.GracefulShutdown - Graceful shutdown complete
2025-05-05 13:26:51 [SpringApplicationShutdownHook] INFO  o.s.o.j.LocalContainerEntityManagerFactoryBean - Closing JPA EntityManagerFactory for persistence unit 'default'
2025-05-05 13:26:51 [SpringApplicationShutdownHook] INFO  com.zaxxer.hikari.HikariDataSource - HikariPool-1 - Shutdown initiated...
2025-05-05 13:26:51 [SpringApplicationShutdownHook] INFO  com.zaxxer.hikari.HikariDataSource - HikariPool-1 - Shutdown completed.
2025-05-05 13:27:17 [main] INFO  r.n.scootrent.ScootRentApplication - Starting ScootRentApplication using Java 21.0.4 with PID 12928 (C:\Users\nazar\java-project\scoot-rent\target\classes started by nazar in C:\Users\nazar\java-project\scoot-rent)
2025-05-05 13:27:17 [main] DEBUG r.n.scootrent.ScootRentApplication - Running with Spring Boot v3.4.4, Spring v6.2.5
2025-05-05 13:27:17 [main] INFO  r.n.scootrent.ScootRentApplication - No active profile set, falling back to 1 default profile: "default"
2025-05-05 13:27:20 [main] INFO  o.s.b.w.e.tomcat.TomcatWebServer - Tomcat initialized with port 8080 (http)
2025-05-05 13:27:20 [main] INFO  o.a.catalina.core.StandardService - Starting service [Tomcat]
2025-05-05 13:27:20 [main] INFO  o.a.catalina.core.StandardEngine - Starting Servlet engine: [Apache Tomcat/10.1.39]
2025-05-05 13:27:20 [main] INFO  o.a.c.c.C.[Tomcat].[localhost].[/] - Initializing Spring embedded WebApplicationContext
2025-05-05 13:27:20 [main] INFO  o.s.b.w.s.c.ServletWebServerApplicationContext - Root WebApplicationContext: initialization completed in 2650 ms
2025-05-05 13:27:20 [main] INFO  com.zaxxer.hikari.HikariDataSource - HikariPool-1 - Starting...
2025-05-05 13:27:21 [main] INFO  com.zaxxer.hikari.pool.HikariPool - HikariPool-1 - Added connection org.postgresql.jdbc.PgConnection@d6b532f
2025-05-05 13:27:21 [main] INFO  com.zaxxer.hikari.HikariDataSource - HikariPool-1 - Start completed.
2025-05-05 13:27:21 [main] INFO  org.flywaydb.core.FlywayExecutor - Database: jdbc:postgresql://localhost:5432/scoot_rent_db_docker_test (PostgreSQL 16.8)
2025-05-05 13:27:21 [main] INFO  o.f.c.i.s.JdbcTableSchemaHistory - Schema history table "public"."flyway_schema_history" does not exist yet
2025-05-05 13:27:21 [main] INFO  o.f.core.internal.command.DbValidate - Successfully validated 8 migrations (execution time 00:00.052s)
2025-05-05 13:27:21 [main] INFO  o.f.c.i.s.JdbcTableSchemaHistory - Creating Schema History table "public"."flyway_schema_history" ...
2025-05-05 13:27:21 [main] INFO  o.f.core.internal.command.DbMigrate - Current version of schema "public": << Empty Schema >>
2025-05-05 13:27:21 [main] INFO  o.f.core.internal.command.DbMigrate - Migrating schema "public" to version "1.1 - init schema"
2025-05-05 13:27:21 [main] INFO  o.f.core.internal.command.DbMigrate - Migrating schema "public" to version "2.1 - insert scooterModels"
2025-05-05 13:27:21 [main] INFO  o.f.core.internal.command.DbMigrate - Migrating schema "public" to version "2.2 - insert rentalPoint"
2025-05-05 13:27:22 [main] INFO  o.f.core.internal.command.DbMigrate - Migrating schema "public" to version "2.3 - insert scooters"
2025-05-05 13:27:22 [main] INFO  o.f.core.internal.command.DbMigrate - Migrating schema "public" to version "2.4 - insert users"
2025-05-05 13:27:22 [main] INFO  o.f.core.internal.command.DbMigrate - Migrating schema "public" to version "2.5 - insert tariffs"
2025-05-05 13:27:22 [main] INFO  o.f.core.internal.command.DbMigrate - Migrating schema "public" to version "2.6 - insert user tariffs"
2025-05-05 13:27:22 [main] INFO  o.f.core.internal.command.DbMigrate - Migrating schema "public" to version "2.7 - insert user subscriptions"
2025-05-05 13:27:22 [main] INFO  o.f.core.internal.command.DbMigrate - Successfully applied 8 migrations to schema "public", now at version v2.7 (execution time 00:00.282s)
2025-05-05 13:27:22 [main] INFO  o.h.jpa.internal.util.LogHelper - HHH000204: Processing PersistenceUnitInfo [name: default]
2025-05-05 13:27:22 [main] INFO  org.hibernate.Version - HHH000412: Hibernate ORM core version 6.6.11.Final
2025-05-05 13:27:22 [main] INFO  o.h.c.i.RegionFactoryInitiator - HHH000026: Second-level cache disabled
2025-05-05 13:27:23 [main] INFO  o.s.o.j.p.SpringPersistenceUnitInfo - No LoadTimeWeaver setup: ignoring JPA class transformer
2025-05-05 13:27:23 [main] INFO  o.hibernate.orm.connections.pooling - HHH10001005: Database info:
	Database JDBC URL [Connecting through datasource 'HikariDataSource (HikariPool-1)']
	Database driver: undefined/unknown
	Database version: 16.8
	Autocommit mode: undefined/unknown
	Isolation level: undefined/unknown
	Minimum pool size: undefined/unknown
	Maximum pool size: undefined/unknown
2025-05-05 13:27:26 [main] INFO  o.h.e.t.j.p.i.JtaPlatformInitiator - HHH000489: No JTA platform available (set 'hibernate.transaction.jta.platform' to enable JTA platform integration)
2025-05-05 13:27:26 [main] INFO  o.s.o.j.LocalContainerEntityManagerFactoryBean - Initialized JPA EntityManagerFactory for persistence unit 'default'
2025-05-05 13:27:27 [main] WARN  o.s.b.a.o.j.JpaBaseConfiguration$JpaWebConfiguration - spring.jpa.open-in-view is enabled by default. Therefore, database queries may be performed during view rendering. Explicitly configure spring.jpa.open-in-view to disable this warning
2025-05-05 13:27:27 [main] INFO  o.s.b.w.e.tomcat.TomcatWebServer - Tomcat started on port 8080 (http) with context path '/'
2025-05-05 13:27:27 [main] INFO  r.n.scootrent.ScootRentApplication - Started ScootRentApplication in 11.225 seconds (process running for 12.85)
2025-05-05 13:27:32 [http-nio-8080-exec-1] INFO  o.a.c.c.C.[Tomcat].[localhost].[/] - Initializing Spring DispatcherServlet 'dispatcherServlet'
2025-05-05 13:27:32 [http-nio-8080-exec-1] INFO  o.s.web.servlet.DispatcherServlet - Initializing Servlet 'dispatcherServlet'
2025-05-05 13:27:32 [http-nio-8080-exec-1] INFO  o.s.web.servlet.DispatcherServlet - Completed initialization in 1 ms
2025-05-05 13:27:32 [http-nio-8080-exec-1] INFO  r.n.s.controller.RentalController - Полученный запрос: POST /start с параметрами: userId=6, scooterId=2, rentalPointId=8.
2025-05-05 13:27:32 [http-nio-8080-exec-1] DEBUG r.n.s.r.util.BaseRepositoryImpl - Fetching Scooter entity by id: 2.
2025-05-05 13:27:32 [http-nio-8080-exec-1] INFO  r.n.s.r.util.BaseRepositoryImpl - Found Scooter entity with id: 2.
2025-05-05 13:27:32 [http-nio-8080-exec-1] DEBUG r.n.s.r.util.BaseRepositoryImpl - Fetching User entity by id: 6.
2025-05-05 13:27:32 [http-nio-8080-exec-1] INFO  r.n.s.r.util.BaseRepositoryImpl - Found User entity with id: 6.
2025-05-05 13:27:33 [http-nio-8080-exec-1] DEBUG r.n.s.r.util.BaseRepositoryImpl - Fetching RentalPoint entity by id: 8.
2025-05-05 13:27:33 [http-nio-8080-exec-1] INFO  r.n.s.r.util.BaseRepositoryImpl - Found RentalPoint entity with id: 8.
2025-05-05 13:27:33 [http-nio-8080-exec-1] INFO  r.n.s.r.util.BaseRepositoryImpl - Persisted new Rental entity successfully.
2025-05-05 13:27:33 [http-nio-8080-exec-1] DEBUG r.n.s.controller.RentalController - Аренда начата успешно. rentalId=1.
2025-05-05 13:27:39 [http-nio-8080-exec-3] INFO  r.n.s.controller.UserController - Полученный запрос: GET /6/history получение истории аренды пользователя.
2025-05-05 13:27:39 [http-nio-8080-exec-3] DEBUG r.n.s.controller.UserController - Получено 1 записей истории аренды для пользователя с id 6.
2025-05-05 13:27:45 [http-nio-8080-exec-5] INFO  r.n.s.controller.UserController - Полученный запрос: GET /6/history получение истории аренды пользователя.
2025-05-05 13:27:46 [http-nio-8080-exec-5] DEBUG r.n.s.controller.UserController - Получено 1 записей истории аренды для пользователя с id 6.
2025-05-05 13:39:51 [SpringApplicationShutdownHook] INFO  o.s.b.w.e.tomcat.GracefulShutdown - Commencing graceful shutdown. Waiting for active requests to complete
2025-05-05 13:39:51 [tomcat-shutdown] INFO  o.s.b.w.e.tomcat.GracefulShutdown - Graceful shutdown complete
2025-05-05 13:39:51 [SpringApplicationShutdownHook] INFO  o.s.o.j.LocalContainerEntityManagerFactoryBean - Closing JPA EntityManagerFactory for persistence unit 'default'
2025-05-05 13:39:51 [SpringApplicationShutdownHook] INFO  com.zaxxer.hikari.HikariDataSource - HikariPool-1 - Shutdown initiated...
2025-05-05 13:39:51 [SpringApplicationShutdownHook] INFO  com.zaxxer.hikari.HikariDataSource - HikariPool-1 - Shutdown completed.
2025-05-05 13:40:26 [main] INFO  r.n.scootrent.ScootRentApplication - Starting ScootRentApplication using Java 21.0.4 with PID 24408 (C:\Users\nazar\java-project\scoot-rent\target\classes started by nazar in C:\Users\nazar\java-project\scoot-rent)
2025-05-05 13:40:26 [main] DEBUG r.n.scootrent.ScootRentApplication - Running with Spring Boot v3.4.4, Spring v6.2.5
2025-05-05 13:40:26 [main] INFO  r.n.scootrent.ScootRentApplication - No active profile set, falling back to 1 default profile: "default"
2025-05-05 13:40:28 [main] INFO  o.s.b.w.e.tomcat.TomcatWebServer - Tomcat initialized with port 8080 (http)
2025-05-05 13:40:29 [main] INFO  o.a.catalina.core.StandardService - Starting service [Tomcat]
2025-05-05 13:40:29 [main] INFO  o.a.catalina.core.StandardEngine - Starting Servlet engine: [Apache Tomcat/10.1.39]
2025-05-05 13:40:29 [main] INFO  o.a.c.c.C.[Tomcat].[localhost].[/] - Initializing Spring embedded WebApplicationContext
2025-05-05 13:40:29 [main] INFO  o.s.b.w.s.c.ServletWebServerApplicationContext - Root WebApplicationContext: initialization completed in 2875 ms
2025-05-05 13:40:29 [main] INFO  com.zaxxer.hikari.HikariDataSource - HikariPool-1 - Starting...
2025-05-05 13:40:29 [main] INFO  com.zaxxer.hikari.pool.HikariPool - HikariPool-1 - Added connection org.postgresql.jdbc.PgConnection@1815577b
2025-05-05 13:40:29 [main] INFO  com.zaxxer.hikari.HikariDataSource - HikariPool-1 - Start completed.
2025-05-05 13:40:29 [main] INFO  org.flywaydb.core.FlywayExecutor - Database: jdbc:postgresql://localhost:5432/scoot_rent_db_docker_test (PostgreSQL 16.8)
2025-05-05 13:40:30 [main] INFO  o.f.c.i.s.JdbcTableSchemaHistory - Schema history table "public"."flyway_schema_history" does not exist yet
2025-05-05 13:40:30 [main] INFO  o.f.core.internal.command.DbValidate - Successfully validated 8 migrations (execution time 00:00.057s)
2025-05-05 13:40:30 [main] INFO  o.f.c.i.s.JdbcTableSchemaHistory - Creating Schema History table "public"."flyway_schema_history" ...
2025-05-05 13:40:30 [main] INFO  o.f.core.internal.command.DbMigrate - Current version of schema "public": << Empty Schema >>
2025-05-05 13:40:30 [main] INFO  o.f.core.internal.command.DbMigrate - Migrating schema "public" to version "1.1 - init schema"
2025-05-05 13:40:30 [main] INFO  o.f.core.internal.command.DbMigrate - Migrating schema "public" to version "2.1 - insert scooterModels"
2025-05-05 13:40:30 [main] INFO  o.f.core.internal.command.DbMigrate - Migrating schema "public" to version "2.2 - insert rentalPoint"
2025-05-05 13:40:30 [main] INFO  o.f.core.internal.command.DbMigrate - Migrating schema "public" to version "2.3 - insert scooters"
2025-05-05 13:40:30 [main] INFO  o.f.core.internal.command.DbMigrate - Migrating schema "public" to version "2.4 - insert users"
2025-05-05 13:40:30 [main] INFO  o.f.core.internal.command.DbMigrate - Migrating schema "public" to version "2.5 - insert tariffs"
2025-05-05 13:40:30 [main] INFO  o.f.core.internal.command.DbMigrate - Migrating schema "public" to version "2.6 - insert user tariffs"
2025-05-05 13:40:30 [main] INFO  o.f.core.internal.command.DbMigrate - Migrating schema "public" to version "2.7 - insert user subscriptions"
2025-05-05 13:40:30 [main] INFO  o.f.core.internal.command.DbMigrate - Successfully applied 8 migrations to schema "public", now at version v2.7 (execution time 00:00.286s)
2025-05-05 13:40:30 [main] INFO  o.h.jpa.internal.util.LogHelper - HHH000204: Processing PersistenceUnitInfo [name: default]
2025-05-05 13:40:31 [main] INFO  org.hibernate.Version - HHH000412: Hibernate ORM core version 6.6.11.Final
2025-05-05 13:40:31 [main] INFO  o.h.c.i.RegionFactoryInitiator - HHH000026: Second-level cache disabled
2025-05-05 13:40:32 [main] INFO  o.s.o.j.p.SpringPersistenceUnitInfo - No LoadTimeWeaver setup: ignoring JPA class transformer
2025-05-05 13:40:32 [main] INFO  o.hibernate.orm.connections.pooling - HHH10001005: Database info:
	Database JDBC URL [Connecting through datasource 'HikariDataSource (HikariPool-1)']
	Database driver: undefined/unknown
	Database version: 16.8
	Autocommit mode: undefined/unknown
	Isolation level: undefined/unknown
	Minimum pool size: undefined/unknown
	Maximum pool size: undefined/unknown
2025-05-05 13:40:34 [main] INFO  o.h.e.t.j.p.i.JtaPlatformInitiator - HHH000489: No JTA platform available (set 'hibernate.transaction.jta.platform' to enable JTA platform integration)
2025-05-05 13:40:34 [main] INFO  o.s.o.j.LocalContainerEntityManagerFactoryBean - Initialized JPA EntityManagerFactory for persistence unit 'default'
2025-05-05 13:40:35 [main] WARN  o.s.b.a.o.j.JpaBaseConfiguration$JpaWebConfiguration - spring.jpa.open-in-view is enabled by default. Therefore, database queries may be performed during view rendering. Explicitly configure spring.jpa.open-in-view to disable this warning
2025-05-05 13:40:36 [main] INFO  o.s.b.w.e.tomcat.TomcatWebServer - Tomcat started on port 8080 (http) with context path '/'
2025-05-05 13:40:36 [main] INFO  r.n.scootrent.ScootRentApplication - Started ScootRentApplication in 11.258 seconds (process running for 12.749)
2025-05-05 13:40:51 [http-nio-8080-exec-1] INFO  o.a.c.c.C.[Tomcat].[localhost].[/] - Initializing Spring DispatcherServlet 'dispatcherServlet'
2025-05-05 13:40:51 [http-nio-8080-exec-1] INFO  o.s.web.servlet.DispatcherServlet - Initializing Servlet 'dispatcherServlet'
2025-05-05 13:40:51 [http-nio-8080-exec-1] INFO  o.s.web.servlet.DispatcherServlet - Completed initialization in 2 ms
2025-05-05 13:40:51 [http-nio-8080-exec-1] INFO  r.n.s.controller.UserController - Полученный запрос: GET /6/history получение истории аренды пользователя.
2025-05-05 13:40:52 [http-nio-8080-exec-1] DEBUG r.n.s.controller.UserController - Получено 0 записей истории аренды для пользователя с id 6.
2025-05-05 13:40:56 [http-nio-8080-exec-2] INFO  r.n.s.controller.RentalController - Полученный запрос: POST /start с параметрами: userId=6, scooterId=2, rentalPointId=8.
2025-05-05 13:40:56 [http-nio-8080-exec-2] DEBUG r.n.s.r.util.BaseRepositoryImpl - Fetching Scooter entity by id: 2.
2025-05-05 13:40:56 [http-nio-8080-exec-2] INFO  r.n.s.r.util.BaseRepositoryImpl - Found Scooter entity with id: 2.
2025-05-05 13:40:56 [http-nio-8080-exec-2] DEBUG r.n.s.r.util.BaseRepositoryImpl - Fetching User entity by id: 6.
2025-05-05 13:40:56 [http-nio-8080-exec-2] INFO  r.n.s.r.util.BaseRepositoryImpl - Found User entity with id: 6.
2025-05-05 13:40:57 [http-nio-8080-exec-2] DEBUG r.n.s.r.util.BaseRepositoryImpl - Fetching RentalPoint entity by id: 8.
2025-05-05 13:40:57 [http-nio-8080-exec-2] INFO  r.n.s.r.util.BaseRepositoryImpl - Found RentalPoint entity with id: 8.
2025-05-05 13:40:57 [http-nio-8080-exec-2] INFO  r.n.s.r.util.BaseRepositoryImpl - Persisted new Rental entity successfully.
2025-05-05 13:40:57 [http-nio-8080-exec-2] DEBUG r.n.s.controller.RentalController - Аренда начата успешно. rentalId=1.
2025-05-05 13:41:00 [http-nio-8080-exec-5] INFO  r.n.s.controller.UserController - Полученный запрос: GET /6/history получение истории аренды пользователя.
2025-05-05 13:41:00 [http-nio-8080-exec-5] DEBUG r.n.s.controller.UserController - Получено 1 записей истории аренды для пользователя с id 6.
2025-05-05 13:41:26 [SpringApplicationShutdownHook] INFO  o.s.b.w.e.tomcat.GracefulShutdown - Commencing graceful shutdown. Waiting for active requests to complete
2025-05-05 13:41:26 [tomcat-shutdown] INFO  o.s.b.w.e.tomcat.GracefulShutdown - Graceful shutdown complete
2025-05-05 13:41:26 [SpringApplicationShutdownHook] INFO  o.s.o.j.LocalContainerEntityManagerFactoryBean - Closing JPA EntityManagerFactory for persistence unit 'default'
2025-05-05 13:41:26 [SpringApplicationShutdownHook] INFO  com.zaxxer.hikari.HikariDataSource - HikariPool-1 - Shutdown initiated...
2025-05-05 13:41:26 [SpringApplicationShutdownHook] INFO  com.zaxxer.hikari.HikariDataSource - HikariPool-1 - Shutdown completed.
2025-05-05 14:12:35 [main] INFO  r.n.scootrent.ScootRentApplication - Starting ScootRentApplication using Java 21.0.4 with PID 9660 (C:\Users\nazar\java-project\scoot-rent\target\classes started by nazar in C:\Users\nazar\java-project\scoot-rent)
2025-05-05 14:12:36 [main] DEBUG r.n.scootrent.ScootRentApplication - Running with Spring Boot v3.4.4, Spring v6.2.5
2025-05-05 14:12:36 [main] INFO  r.n.scootrent.ScootRentApplication - No active profile set, falling back to 1 default profile: "default"
2025-05-05 14:12:38 [main] INFO  o.s.b.w.e.tomcat.TomcatWebServer - Tomcat initialized with port 8080 (http)
2025-05-05 14:12:38 [main] INFO  o.a.catalina.core.StandardService - Starting service [Tomcat]
2025-05-05 14:12:38 [main] INFO  o.a.catalina.core.StandardEngine - Starting Servlet engine: [Apache Tomcat/10.1.39]
2025-05-05 14:12:38 [main] INFO  o.a.c.c.C.[Tomcat].[localhost].[/] - Initializing Spring embedded WebApplicationContext
2025-05-05 14:12:38 [main] INFO  o.s.b.w.s.c.ServletWebServerApplicationContext - Root WebApplicationContext: initialization completed in 2672 ms
2025-05-05 14:12:39 [main] INFO  com.zaxxer.hikari.HikariDataSource - HikariPool-1 - Starting...
2025-05-05 14:12:39 [main] INFO  com.zaxxer.hikari.pool.HikariPool - HikariPool-1 - Added connection org.postgresql.jdbc.PgConnection@3b218c74
2025-05-05 14:12:39 [main] INFO  com.zaxxer.hikari.HikariDataSource - HikariPool-1 - Start completed.
2025-05-05 14:12:39 [main] INFO  o.f.c.i.r.ResourceNameValidator - 1 SQL migrations were detected but not run because they did not follow the filename convention.
2025-05-05 14:12:39 [main] INFO  o.f.c.i.r.ResourceNameValidator - Set 'validateMigrationNaming' to true to fail fast and see a list of the invalid file names.
2025-05-05 14:12:39 [main] INFO  org.flywaydb.core.FlywayExecutor - Database: jdbc:postgresql://localhost:5432/scoot_rent_db_docker_test (PostgreSQL 16.8)
2025-05-05 14:12:39 [main] INFO  o.f.c.i.s.JdbcTableSchemaHistory - Schema history table "public"."flyway_schema_history" does not exist yet
2025-05-05 14:12:39 [main] INFO  o.f.core.internal.command.DbValidate - Successfully validated 14 migrations (execution time 00:00.068s)
2025-05-05 14:12:39 [main] INFO  o.f.c.i.s.JdbcTableSchemaHistory - Creating Schema History table "public"."flyway_schema_history" ...
2025-05-05 14:12:39 [main] INFO  o.f.core.internal.command.DbMigrate - Current version of schema "public": << Empty Schema >>
2025-05-05 14:12:39 [main] INFO  o.f.core.internal.command.DbMigrate - Migrating schema "public" to version "1.1 - create scooter model"
2025-05-05 14:12:39 [main] INFO  o.f.core.internal.command.DbMigrate - Migrating schema "public" to version "1.2 - create rental point"
2025-05-05 14:12:40 [main] INFO  o.f.core.internal.command.DbMigrate - Migrating schema "public" to version "1.3 - create scooter"
2025-05-05 14:12:40 [main] INFO  o.f.core.internal.command.DbMigrate - Migrating schema "public" to version "1.4 - create user"
2025-05-05 14:12:40 [main] INFO  o.f.core.internal.command.DbMigrate - Migrating schema "public" to version "1.6 - create user tariff"
2025-05-05 14:12:40 [main] ERROR o.f.core.internal.command.DbMigrate - Migration of schema "public" to version "1.6 - create user tariff" failed! Changes successfully rolled back.
2025-05-05 14:12:40 [main] WARN  o.s.b.w.s.c.AnnotationConfigServletWebServerApplicationContext - Exception encountered during context initialization - cancelling refresh attempt: org.springframework.beans.factory.BeanCreationException: Error creating bean with name 'entityManagerFactory' defined in class path resource [ru/noleg/scootrent/configuration/JpaConfiguration.class]: Failed to initialize dependency 'flywayInitializer' of LoadTimeWeaverAware bean 'entityManagerFactory': Error creating bean with name 'flywayInitializer' defined in class path resource [org/springframework/boot/autoconfigure/flyway/FlywayAutoConfiguration$FlywayConfiguration.class]: Script V1_6__create_user_tariff.sql failed
------------------------------------------
SQL State  : 42P01
Error Code : 0
Message    : ERROR: relation "t_tariff" does not exist
Location   : db/migration/V1_6__create_user_tariff.sql (C:\Users\nazar\java-project\scoot-rent\target\classes\db\migration\V1_6__create_user_tariff.sql)
Line       : 1
Statement  : Run Flyway with -X option to see the actual statement causing the problem

2025-05-05 14:12:40 [main] INFO  com.zaxxer.hikari.HikariDataSource - HikariPool-1 - Shutdown initiated...
2025-05-05 14:12:40 [main] INFO  com.zaxxer.hikari.HikariDataSource - HikariPool-1 - Shutdown completed.
2025-05-05 14:12:40 [main] INFO  o.a.catalina.core.StandardService - Stopping service [Tomcat]
2025-05-05 14:12:40 [main] INFO  o.s.b.a.l.ConditionEvaluationReportLogger - 

Error starting ApplicationContext. To display the condition evaluation report re-run your application with 'debug' enabled.
2025-05-05 14:12:40 [main] ERROR o.s.boot.SpringApplication - Application run failed
org.springframework.beans.factory.BeanCreationException: Error creating bean with name 'entityManagerFactory' defined in class path resource [ru/noleg/scootrent/configuration/JpaConfiguration.class]: Failed to initialize dependency 'flywayInitializer' of LoadTimeWeaverAware bean 'entityManagerFactory': Error creating bean with name 'flywayInitializer' defined in class path resource [org/springframework/boot/autoconfigure/flyway/FlywayAutoConfiguration$FlywayConfiguration.class]: Script V1_6__create_user_tariff.sql failed
------------------------------------------
SQL State  : 42P01
Error Code : 0
Message    : ERROR: relation "t_tariff" does not exist
Location   : db/migration/V1_6__create_user_tariff.sql (C:\Users\nazar\java-project\scoot-rent\target\classes\db\migration\V1_6__create_user_tariff.sql)
Line       : 1
Statement  : Run Flyway with -X option to see the actual statement causing the problem

	at org.springframework.beans.factory.support.AbstractBeanFactory.doGetBean(AbstractBeanFactory.java:328)
	at org.springframework.beans.factory.support.AbstractBeanFactory.getBean(AbstractBeanFactory.java:207)
	at org.springframework.context.support.AbstractApplicationContext.finishBeanFactoryInitialization(AbstractApplicationContext.java:970)
	at org.springframework.context.support.AbstractApplicationContext.refresh(AbstractApplicationContext.java:627)
	at org.springframework.boot.web.servlet.context.ServletWebServerApplicationContext.refresh(ServletWebServerApplicationContext.java:146)
	at org.springframework.boot.SpringApplication.refresh(SpringApplication.java:752)
	at org.springframework.boot.SpringApplication.refreshContext(SpringApplication.java:439)
	at org.springframework.boot.SpringApplication.run(SpringApplication.java:318)
	at org.springframework.boot.SpringApplication.run(SpringApplication.java:1361)
	at org.springframework.boot.SpringApplication.run(SpringApplication.java:1350)
	at ru.noleg.scootrent.ScootRentApplication.main(ScootRentApplication.java:10)
Caused by: org.springframework.beans.factory.BeanCreationException: Error creating bean with name 'flywayInitializer' defined in class path resource [org/springframework/boot/autoconfigure/flyway/FlywayAutoConfiguration$FlywayConfiguration.class]: Script V1_6__create_user_tariff.sql failed
------------------------------------------
SQL State  : 42P01
Error Code : 0
Message    : ERROR: relation "t_tariff" does not exist
Location   : db/migration/V1_6__create_user_tariff.sql (C:\Users\nazar\java-project\scoot-rent\target\classes\db\migration\V1_6__create_user_tariff.sql)
Line       : 1
Statement  : Run Flyway with -X option to see the actual statement causing the problem

	at org.springframework.beans.factory.support.AbstractAutowireCapableBeanFactory.initializeBean(AbstractAutowireCapableBeanFactory.java:1812)
	at org.springframework.beans.factory.support.AbstractAutowireCapableBeanFactory.doCreateBean(AbstractAutowireCapableBeanFactory.java:601)
	at org.springframework.beans.factory.support.AbstractAutowireCapableBeanFactory.createBean(AbstractAutowireCapableBeanFactory.java:523)
	at org.springframework.beans.factory.support.AbstractBeanFactory.lambda$doGetBean$0(AbstractBeanFactory.java:339)
	at org.springframework.beans.factory.support.DefaultSingletonBeanRegistry.getSingleton(DefaultSingletonBeanRegistry.java:347)
	at org.springframework.beans.factory.support.AbstractBeanFactory.doGetBean(AbstractBeanFactory.java:337)
	at org.springframework.beans.factory.support.AbstractBeanFactory.getBean(AbstractBeanFactory.java:202)
	at org.springframework.beans.factory.support.AbstractBeanFactory.doGetBean(AbstractBeanFactory.java:315)
	... 10 common frames omitted
Caused by: org.flywaydb.core.internal.exception.FlywayMigrateException: Script V1_6__create_user_tariff.sql failed
------------------------------------------
SQL State  : 42P01
Error Code : 0
Message    : ERROR: relation "t_tariff" does not exist
Location   : db/migration/V1_6__create_user_tariff.sql (C:\Users\nazar\java-project\scoot-rent\target\classes\db\migration\V1_6__create_user_tariff.sql)
Line       : 1
Statement  : Run Flyway with -X option to see the actual statement causing the problem

	at org.flywaydb.core.internal.command.DbMigrate.doMigrateGroup(DbMigrate.java:399)
	at org.flywaydb.core.internal.command.DbMigrate.lambda$applyMigrations$1(DbMigrate.java:283)
	at org.flywaydb.core.internal.jdbc.TransactionalExecutionTemplate.execute(TransactionalExecutionTemplate.java:59)
	at org.flywaydb.core.internal.command.DbMigrate.applyMigrations(DbMigrate.java:282)
	at org.flywaydb.core.internal.command.DbMigrate.migrateGroup(DbMigrate.java:255)
	at org.flywaydb.core.internal.command.DbMigrate.lambda$migrateAll$0(DbMigrate.java:153)
	at org.flywaydb.database.postgresql.PostgreSQLAdvisoryLockTemplate.execute(PostgreSQLAdvisoryLockTemplate.java:77)
	at org.flywaydb.database.postgresql.PostgreSQLAdvisoryLockTemplate.lambda$execute$0(PostgreSQLAdvisoryLockTemplate.java:60)
	at org.flywaydb.core.internal.jdbc.TransactionalExecutionTemplate.execute(TransactionalExecutionTemplate.java:59)
	at org.flywaydb.database.postgresql.PostgreSQLAdvisoryLockTemplate.execute(PostgreSQLAdvisoryLockTemplate.java:60)
	at org.flywaydb.database.postgresql.PostgreSQLConnection.lock(PostgreSQLConnection.java:105)
	at org.flywaydb.core.internal.schemahistory.JdbcTableSchemaHistory.lock(JdbcTableSchemaHistory.java:149)
	at org.flywaydb.core.internal.command.DbMigrate.migrateAll(DbMigrate.java:153)
	at org.flywaydb.core.internal.command.DbMigrate.migrate(DbMigrate.java:104)
	at org.flywaydb.core.Flyway.lambda$migrate$1(Flyway.java:230)
	at org.flywaydb.core.FlywayExecutor.execute(FlywayExecutor.java:213)
	at org.flywaydb.core.Flyway.migrate(Flyway.java:176)
	at org.springframework.boot.autoconfigure.flyway.FlywayMigrationInitializer.afterPropertiesSet(FlywayMigrationInitializer.java:66)
	at org.springframework.beans.factory.support.AbstractAutowireCapableBeanFactory.invokeInitMethods(AbstractAutowireCapableBeanFactory.java:1859)
	at org.springframework.beans.factory.support.AbstractAutowireCapableBeanFactory.initializeBean(AbstractAutowireCapableBeanFactory.java:1808)
	... 17 common frames omitted
Caused by: org.flywaydb.core.internal.sqlscript.FlywaySqlScriptException: Script V1_6__create_user_tariff.sql failed
------------------------------------------
SQL State  : 42P01
Error Code : 0
Message    : ERROR: relation "t_tariff" does not exist
Location   : db/migration/V1_6__create_user_tariff.sql (C:\Users\nazar\java-project\scoot-rent\target\classes\db\migration\V1_6__create_user_tariff.sql)
Line       : 1
Statement  : Run Flyway with -X option to see the actual statement causing the problem

	at org.flywaydb.core.internal.sqlscript.DefaultSqlScriptExecutor.handleException(DefaultSqlScriptExecutor.java:256)
	at org.flywaydb.core.internal.sqlscript.DefaultSqlScriptExecutor.executeStatement(DefaultSqlScriptExecutor.java:217)
	at org.flywaydb.core.internal.sqlscript.DefaultSqlScriptExecutor.execute(DefaultSqlScriptExecutor.java:137)
	at org.flywaydb.core.internal.resolver.sql.SqlMigrationExecutor.executeOnce(SqlMigrationExecutor.java:75)
	at org.flywaydb.core.internal.resolver.sql.SqlMigrationExecutor.lambda$execute$0(SqlMigrationExecutor.java:66)
	at org.flywaydb.core.internal.database.DefaultExecutionStrategy.execute(DefaultExecutionStrategy.java:31)
	at org.flywaydb.core.internal.resolver.sql.SqlMigrationExecutor.execute(SqlMigrationExecutor.java:65)
	at org.flywaydb.core.internal.command.DbMigrate.doMigrateGroup(DbMigrate.java:391)
	... 36 common frames omitted
Caused by: org.postgresql.util.PSQLException: ERROR: relation "t_tariff" does not exist
	at org.postgresql.core.v3.QueryExecutorImpl.receiveErrorResponse(QueryExecutorImpl.java:2733)
	at org.postgresql.core.v3.QueryExecutorImpl.processResults(QueryExecutorImpl.java:2420)
	at org.postgresql.core.v3.QueryExecutorImpl.execute(QueryExecutorImpl.java:372)
	at org.postgresql.jdbc.PgStatement.executeInternal(PgStatement.java:517)
	at org.postgresql.jdbc.PgStatement.execute(PgStatement.java:434)
	at org.postgresql.jdbc.PgStatement.executeWithFlags(PgStatement.java:356)
	at org.postgresql.jdbc.PgStatement.executeCachedSql(PgStatement.java:341)
	at org.postgresql.jdbc.PgStatement.executeWithFlags(PgStatement.java:317)
	at org.postgresql.jdbc.PgStatement.execute(PgStatement.java:312)
	at com.zaxxer.hikari.pool.ProxyStatement.execute(ProxyStatement.java:94)
	at com.zaxxer.hikari.pool.HikariProxyStatement.execute(HikariProxyStatement.java)
	at org.flywaydb.core.internal.jdbc.JdbcTemplate.executeStatement(JdbcTemplate.java:210)
	at org.flywaydb.core.internal.sqlscript.ParsedSqlStatement.execute(ParsedSqlStatement.java:88)
	at org.flywaydb.core.internal.sqlscript.DefaultSqlScriptExecutor.executeStatement(DefaultSqlScriptExecutor.java:212)
	... 42 common frames omitted
